#
# There is insufficient memory for the Java Runtime Environment to continue.
# Native memory allocation (malloc) failed to allocate 1817296 bytes for Chunk::new
# Possible reasons:
#   The system is out of physical RAM or swap space
#   The process is running with CompressedOops enabled, and the Java Heap may be blocking the growth of the native heap
# Possible solutions:
#   Reduce memory load on the system
#   Increase physical memory or swap space
#   Check if swap backing store is full
#   Decrease Java heap size (-Xmx/-Xms)
#   Decrease number of Java threads
#   Decrease Java thread stack sizes (-Xss)
#   Set larger code cache with -XX:ReservedCodeCacheSize=
#   JVM is running with Unscaled Compressed Oops mode in which the Java heap is
#     placed in the first 4GB address space. The Java Heap base address is the
#     maximum limit for the native heap growth. Please use -XX:HeapBaseMinAddress
#     to set the Java Heap base and to place the Java Heap above 4GB virtual address.
# This output file may be truncated or incomplete.
#
#  Out of Memory Error (./src/hotspot/share/memory/arena.cpp:197), pid=6504, tid=5012
#
# JRE version: OpenJDK Runtime Environment (11.0.10) (build 11.0.10+0-b96-7249189)
# Java VM: OpenJDK 64-Bit Server VM (11.0.10+0-b96-7249189, mixed mode, tiered, compressed oops, g1 gc, windows-amd64)
# No core dump will be written. Minidumps are not enabled by default on client versions of Windows
#

---------------  S U M M A R Y ------------

Command Line: --add-opens=java.base/java.util=ALL-UNNAMED --add-opens=java.base/java.lang=ALL-UNNAMED --add-opens=java.base/java.lang.invoke=ALL-UNNAMED --add-opens=java.base/java.util=ALL-UNNAMED --add-opens=java.prefs/java.util.prefs=ALL-UNNAMED --add-opens=java.prefs/java.util.prefs=ALL-UNNAMED --add-opens=java.base/java.nio.charset=ALL-UNNAMED --add-opens=java.base/java.net=ALL-UNNAMED --add-opens=java.base/java.util.concurrent.atomic=ALL-UNNAMED -Xmx2048m -Dfile.encoding=UTF-8 -Duser.country=RU -Duser.language=ru -Duser.variant org.gradle.launcher.daemon.bootstrap.GradleDaemon 7.0.2

Host: Intel(R) Core(TM) i3-4330 CPU @ 3.50GHz, 4 cores, 7G,  Windows 10 , 64 bit Build 17763 (10.0.17763.1339)
Time: Wed Dec 29 21:37:26 2021 Aaiaeaaao (ceia) elapsed time: 1417.239963 seconds (0d 0h 23m 37s)

---------------  T H R E A D  ---------------

Current thread (0x00000259dfa5a000):  JavaThread "C2 CompilerThread0" daemon [_thread_in_native, id=5012, stack(0x00000080c3800000,0x00000080c3900000)]


Current CompileTask:
C2:1417240 26498       4       com.sun.beans.TypeResolver::resolve (37 bytes)

Stack: [0x00000080c3800000,0x00000080c3900000]
Native frames: (J=compiled Java code, j=interpreted, Vv=VM code, C=native code)
V  [jvm.dll+0x5ecfaa]
V  [jvm.dll+0x722bd5]
V  [jvm.dll+0x72412d]
V  [jvm.dll+0x7247e3]
V  [jvm.dll+0x242928]
V  [jvm.dll+0xbc4fc]
V  [jvm.dll+0xbca0c]
V  [jvm.dll+0x352d7d]
V  [jvm.dll+0x19800c]
V  [jvm.dll+0x1fb70e]
V  [jvm.dll+0x1fa7f4]
V  [jvm.dll+0x18354c]
V  [jvm.dll+0x208ee7]
V  [jvm.dll+0x207731]
V  [jvm.dll+0x6eb1cf]
V  [jvm.dll+0x6e3d45]
V  [jvm.dll+0x5ebe96]
C  [ucrtbase.dll+0x21ffa]
C  [KERNEL32.DLL+0x17974]
C  [ntdll.dll+0x6a271]


---------------  P R O C E S S  ---------------

Threads class SMR info:
_java_thread_list=0x00000259e71e0e00, length=50, elements={
0x00000259c3e3e000, 0x00000259dfa31000, 0x00000259dfa3d000, 0x00000259dfa50800,
0x00000259dfa52800, 0x00000259dfa56800, 0x00000259dfa5a000, 0x00000259dfa5f800,
0x00000259dfa62800, 0x00000259e0526000, 0x00000259e1717800, 0x00000259e290c800,
0x00000259e2be4000, 0x00000259e3ccf000, 0x00000259e3ccc800, 0x00000259e2be9000,
0x00000259e2be7800, 0x00000259e2bea000, 0x00000259e2be6800, 0x00000259e2bee000,
0x00000259e2bf3000, 0x00000259e2bf1800, 0x00000259e2bf5800, 0x00000259e666b000,
0x00000259e666d800, 0x00000259e666c000, 0x00000259e438c800, 0x00000259e666c800,
0x00000259e4391800, 0x00000259e4392000, 0x00000259e6668000, 0x00000259e438f000,
0x00000259e6664800, 0x00000259e0b4b800, 0x00000259e0b46800, 0x00000259e4387000,
0x00000259e4394800, 0x00000259e0b41800, 0x00000259e4389000, 0x00000259e6666000,
0x00000259e6667000, 0x00000259e666e800, 0x00000259e6669800, 0x00000259e6668800,
0x00000259e666f000, 0x00000259e6670000, 0x00000259e6673800, 0x00000259e6671800,
0x00000259e0b46000, 0x00000259e0b41000
}

Java Threads: ( => current thread )
  0x00000259c3e3e000 JavaThread "main" [_thread_blocked, id=3844, stack(0x00000080c2c00000,0x00000080c2d00000)]
  0x00000259dfa31000 JavaThread "Reference Handler" daemon [_thread_blocked, id=3952, stack(0x00000080c3300000,0x00000080c3400000)]
  0x00000259dfa3d000 JavaThread "Finalizer" daemon [_thread_blocked, id=3272, stack(0x00000080c3400000,0x00000080c3500000)]
  0x00000259dfa50800 JavaThread "Signal Dispatcher" daemon [_thread_blocked, id=668, stack(0x00000080c3500000,0x00000080c3600000)]
  0x00000259dfa52800 JavaThread "Attach Listener" daemon [_thread_blocked, id=1104, stack(0x00000080c3600000,0x00000080c3700000)]
  0x00000259dfa56800 JavaThread "Service Thread" daemon [_thread_blocked, id=1424, stack(0x00000080c3700000,0x00000080c3800000)]
=>0x00000259dfa5a000 JavaThread "C2 CompilerThread0" daemon [_thread_in_native, id=5012, stack(0x00000080c3800000,0x00000080c3900000)]
  0x00000259dfa5f800 JavaThread "C1 CompilerThread0" daemon [_thread_in_native, id=6220, stack(0x00000080c3900000,0x00000080c3a00000)]
  0x00000259dfa62800 JavaThread "Sweeper thread" daemon [_thread_blocked, id=4488, stack(0x00000080c3a00000,0x00000080c3b00000)]
  0x00000259e0526000 JavaThread "Common-Cleaner" daemon [_thread_blocked, id=2652, stack(0x00000080c3b00000,0x00000080c3c00000)]
  0x00000259e1717800 JavaThread "Daemon health stats" [_thread_blocked, id=3324, stack(0x00000080c4000000,0x00000080c4100000)]
  0x00000259e290c800 JavaThread "Incoming local TCP Connector on port 50847" [_thread_in_native, id=6744, stack(0x00000080c4100000,0x00000080c4200000)]
  0x00000259e2be4000 JavaThread "Daemon periodic checks" [_thread_blocked, id=5852, stack(0x00000080c4200000,0x00000080c4300000)]
  0x00000259e3ccf000 JavaThread "Cache worker for file hash cache (C:\Users\world-PC\.gradle\caches\7.0.2\fileHashes)" [_thread_blocked, id=5964, stack(0x00000080c4a00000,0x00000080c4b00000)]
  0x00000259e3ccc800 JavaThread "File lock request listener" [_thread_in_native, id=6300, stack(0x00000080c4b00000,0x00000080c4c00000)]
  0x00000259e2be9000 JavaThread "Cache worker for journal cache (C:\Users\world-PC\.gradle\caches\journal-1)" [_thread_blocked, id=5084, stack(0x00000080c4d00000,0x00000080c4e00000)]
  0x00000259e2be7800 JavaThread "File watcher server" daemon [_thread_in_native, id=6920, stack(0x00000080c4f00000,0x00000080c5000000)]
  0x00000259e2bea000 JavaThread "File watcher consumer" daemon [_thread_blocked, id=4672, stack(0x00000080c5000000,0x00000080c5100000)]
  0x00000259e2be6800 JavaThread "Cache worker for execution history cache (C:\Users\world-PC\.gradle\caches\7.0.2\executionHistory)" [_thread_blocked, id=5116, stack(0x00000080c5400000,0x00000080c5500000)]
  0x00000259e2bee000 JavaThread "jar transforms" [_thread_blocked, id=4248, stack(0x00000080c5500000,0x00000080c5600000)]
  0x00000259e2bf3000 JavaThread "jar transforms Thread 2" [_thread_blocked, id=6772, stack(0x00000080c5600000,0x00000080c5700000)]
  0x00000259e2bf1800 JavaThread "Cache worker for file content cache (C:\Users\world-PC\.gradle\caches\7.0.2\fileContent)" [_thread_blocked, id=6712, stack(0x00000080c5700000,0x00000080c5800000)]
  0x00000259e2bf5800 JavaThread "jar transforms Thread 3" [_thread_blocked, id=5132, stack(0x00000080c5900000,0x00000080c5a00000)]
  0x00000259e666b000 JavaThread "jar transforms Thread 4" [_thread_blocked, id=5196, stack(0x00000080c5f00000,0x00000080c6000000)]
  0x00000259e666d800 JavaThread "Memory manager" [_thread_blocked, id=1836, stack(0x00000080c6000000,0x00000080c6100000)]
  0x00000259e666c000 JavaThread "pool-3-thread-1" [_thread_blocked, id=1484, stack(0x00000080c6200000,0x00000080c6300000)]
  0x00000259e438c800 JavaThread "Cache worker for Java compile cache (C:\Users\world-PC\.gradle\caches\7.0.2\javaCompile)" [_thread_blocked, id=3788, stack(0x00000080c6d00000,0x00000080c6e00000)]
  0x00000259e666c800 JavaThread "pool-8-thread-1" [_thread_blocked, id=3868, stack(0x00000080c6300000,0x00000080c6400000)]
  0x00000259e4391800 JavaThread "pool-13-thread-1" [_thread_blocked, id=3168, stack(0x00000080c5d00000,0x00000080c5e00000)]
  0x00000259e4392000 JavaThread "pool-16-thread-1" [_thread_blocked, id=4100, stack(0x00000080c5e00000,0x00000080c5f00000)]
  0x00000259e6668000 JavaThread "pool-19-thread-1" [_thread_blocked, id=3940, stack(0x00000080c6100000,0x00000080c6200000)]
  0x00000259e438f000 JavaThread "pool-22-thread-1" [_thread_blocked, id=6064, stack(0x00000080c6400000,0x00000080c6500000)]
  0x00000259e6664800 JavaThread "pool-25-thread-1" [_thread_blocked, id=6156, stack(0x00000080c6500000,0x00000080c6600000)]
  0x00000259e0b4b800 JavaThread "pool-30-thread-1" [_thread_blocked, id=2572, stack(0x00000080c6600000,0x00000080c6700000)]
  0x00000259e0b46800 JavaThread "pool-34-thread-1" [_thread_blocked, id=6704, stack(0x00000080c6700000,0x00000080c6800000)]
  0x00000259e4387000 JavaThread "pool-37-thread-1" [_thread_blocked, id=1228, stack(0x00000080c6800000,0x00000080c6900000)]
  0x00000259e4394800 JavaThread "ForkJoinPool.commonPool-worker-7" daemon [_thread_blocked, id=2336, stack(0x00000080c7800000,0x00000080c7900000)]
  0x00000259e0b41800 JavaThread "pool-42-thread-1" [_thread_blocked, id=4912, stack(0x00000080c6b00000,0x00000080c6c00000)]
  0x00000259e4389000 JavaThread "pool-47-thread-1" [_thread_blocked, id=6432, stack(0x00000080c6c00000,0x00000080c6d00000)]
  0x00000259e6666000 JavaThread "Daemon Thread 2" [_thread_blocked, id=2036, stack(0x00000080c2900000,0x00000080c2a00000)]
  0x00000259e6667000 JavaThread "Handler for socket connection from /127.0.0.1:50847 to /127.0.0.1:51499" [_thread_in_native, id=7012, stack(0x00000080c2a00000,0x00000080c2b00000)]
  0x00000259e666e800 JavaThread "Cancel handler" [_thread_blocked, id=6284, stack(0x00000080c2b00000,0x00000080c2c00000)]
  0x00000259e6669800 JavaThread "Daemon worker Thread 2" [_thread_in_Java, id=2852, stack(0x00000080c4300000,0x00000080c4400000)]
  0x00000259e6668800 JavaThread "Asynchronous log dispatcher for DefaultDaemonConnection: socket connection from /127.0.0.1:50847 to /127.0.0.1:51499" [_thread_blocked, id=3760, stack(0x00000080c4400000,0x00000080c4500000)]
  0x00000259e666f000 JavaThread "Stdin handler" [_thread_blocked, id=6100, stack(0x00000080c4500000,0x00000080c4600000)]
  0x00000259e6670000 JavaThread "Daemon client event forwarder" [_thread_blocked, id=5760, stack(0x00000080c4600000,0x00000080c4700000)]
  0x00000259e6673800 JavaThread "Cache worker for file hash cache (C:\Users\world-PC\AndroidStudioProjects\HomeWork6\.gradle\7.0.2\fileHashes)" [_thread_blocked, id=1948, stack(0x00000080c4700000,0x00000080c4800000)]
  0x00000259e6671800 JavaThread "Cache worker for checksums cache (C:\Users\world-PC\AndroidStudioProjects\HomeWork6\.gradle\checksums)" [_thread_blocked, id=2996, stack(0x00000080c4800000,0x00000080c4900000)]
  0x00000259e0b46000 JavaThread "Cache worker for cache directory md-supplier (C:\Users\world-PC\.gradle\caches\7.0.2\md-supplier)" [_thread_blocked, id=1680, stack(0x00000080c4900000,0x00000080c4a00000)]
  0x00000259e0b41000 JavaThread "Cache worker for cache directory md-rule (C:\Users\world-PC\.gradle\caches\7.0.2\md-rule)" [_thread_blocked, id=2820, stack(0x00000080c4e00000,0x00000080c4f00000)]

Other Threads:
  0x00000259dfa2c000 VMThread "VM Thread" [stack: 0x00000080c3200000,0x00000080c3300000] [id=6700]
  0x00000259e0555800 WatcherThread [stack: 0x00000080c3c00000,0x00000080c3d00000] [id=6472]
  0x00000259c5e78000 GCTaskThread "GC Thread#0" [stack: 0x00000080c2d00000,0x00000080c2e00000] [id=7036]
  0x00000259e10ec800 GCTaskThread "GC Thread#1" [stack: 0x00000080c3e00000,0x00000080c3f00000] [id=2732]
  0x00000259e0bfd800 GCTaskThread "GC Thread#2" [stack: 0x00000080c3f00000,0x00000080c4000000] [id=7096]
  0x00000259e298b800 GCTaskThread "GC Thread#3" [stack: 0x00000080c4c00000,0x00000080c4d00000] [id=6508]
  0x00000259c5ea9000 ConcurrentGCThread "G1 Main Marker" [stack: 0x00000080c2e00000,0x00000080c2f00000] [id=6836]
  0x00000259c5eab800 ConcurrentGCThread "G1 Conc#0" [stack: 0x00000080c2f00000,0x00000080c3000000] [id=2620]
  0x00000259df880800 ConcurrentGCThread "G1 Refine#0" [stack: 0x00000080c3000000,0x00000080c3100000] [id=5228]
  0x00000259e2e70800 ConcurrentGCThread "G1 Refine#1" [stack: 0x00000080c6900000,0x00000080c6a00000] [id=5512]
  0x00000259e2e6d000 ConcurrentGCThread "G1 Refine#2" [stack: 0x00000080c3d00000,0x00000080c3e00000] [id=6676]
  0x00000259df881800 ConcurrentGCThread "G1 Young RemSet Sampling" [stack: 0x00000080c3100000,0x00000080c3200000] [id=5148]

Threads with active compile tasks:
C2 CompilerThread01417266 26498       4       com.sun.beans.TypeResolver::resolve (37 bytes)

VM state:not at safepoint (normal execution)

VM Mutex/Monitor currently owned by a thread: None

Heap address: 0x0000000080000000, size: 2048 MB, Compressed Oops mode: 32-bit
Narrow klass base: 0x0000000000000000, Narrow klass shift: 3
Compressed class space size: 1073741824 Address: 0x0000000100000000

Heap:
 garbage-first heap   total 328704K, used 218578K [0x0000000080000000, 0x0000000100000000)
  region size 1024K, 29 young (29696K), 5 survivors (5120K)
 Metaspace       used 136948K, capacity 140888K, committed 141004K, reserved 1171456K
  class space    used 16865K, capacity 18370K, committed 18380K, reserved 1048576K
Heap Regions: E=young(eden), S=young(survivor), O=old, HS=humongous(starts), HC=humongous(continues), CS=collection set, F=free, A=archive, TAMS=top-at-mark-start (previous, next)
|   0|0x0000000080000000, 0x0000000080100000, 0x0000000080100000|100%| O|  |TAMS 0x0000000080100000, 0x0000000080000000| Untracked 
|   1|0x0000000080100000, 0x0000000080200000, 0x0000000080200000|100%| O|  |TAMS 0x0000000080200000, 0x0000000080100000| Untracked 
|   2|0x0000000080200000, 0x0000000080300000, 0x0000000080300000|100%| O|  |TAMS 0x0000000080300000, 0x0000000080200000| Untracked 
|   3|0x0000000080300000, 0x0000000080400000, 0x0000000080400000|100%|HS|  |TAMS 0x0000000080400000, 0x0000000080300000| Complete 
|   4|0x0000000080400000, 0x0000000080500000, 0x0000000080500000|100%|HC|  |TAMS 0x0000000080500000, 0x0000000080400000| Complete 
|   5|0x0000000080500000, 0x0000000080600000, 0x0000000080600000|100%|HC|  |TAMS 0x0000000080600000, 0x0000000080500000| Complete 
|   6|0x0000000080600000, 0x0000000080700000, 0x0000000080700000|100%| O|  |TAMS 0x0000000080700000, 0x0000000080600000| Untracked 
|   7|0x0000000080700000, 0x0000000080800000, 0x0000000080800000|100%| O|  |TAMS 0x0000000080800000, 0x0000000080700000| Untracked 
|   8|0x0000000080800000, 0x0000000080900000, 0x0000000080900000|100%| O|  |TAMS 0x0000000080900000, 0x0000000080800000| Untracked 
|   9|0x0000000080900000, 0x0000000080a00000, 0x0000000080a00000|100%| O|  |TAMS 0x0000000080a00000, 0x0000000080900000| Untracked 
|  10|0x0000000080a00000, 0x0000000080b00000, 0x0000000080b00000|100%| O|  |TAMS 0x0000000080b00000, 0x0000000080a00000| Untracked 
|  11|0x0000000080b00000, 0x0000000080c00000, 0x0000000080c00000|100%| O|  |TAMS 0x0000000080c00000, 0x0000000080b00000| Untracked 
|  12|0x0000000080c00000, 0x0000000080d00000, 0x0000000080d00000|100%| O|  |TAMS 0x0000000080d00000, 0x0000000080c00000| Untracked 
|  13|0x0000000080d00000, 0x0000000080e00000, 0x0000000080e00000|100%| O|  |TAMS 0x0000000080e00000, 0x0000000080d00000| Untracked 
|  14|0x0000000080e00000, 0x0000000080f00000, 0x0000000080f00000|100%| O|  |TAMS 0x0000000080f00000, 0x0000000080e00000| Untracked 
|  15|0x0000000080f00000, 0x0000000081000000, 0x0000000081000000|100%| O|  |TAMS 0x0000000081000000, 0x0000000080f00000| Untracked 
|  16|0x0000000081000000, 0x0000000081100000, 0x0000000081100000|100%| O|  |TAMS 0x0000000081100000, 0x0000000081000000| Untracked 
|  17|0x0000000081100000, 0x0000000081200000, 0x0000000081200000|100%|HS|  |TAMS 0x0000000081200000, 0x0000000081100000| Complete 
|  18|0x0000000081200000, 0x0000000081300000, 0x0000000081300000|100%| O|  |TAMS 0x0000000081300000, 0x0000000081200000| Untracked 
|  19|0x0000000081300000, 0x0000000081400000, 0x0000000081400000|100%| O|  |TAMS 0x0000000081400000, 0x0000000081300000| Untracked 
|  20|0x0000000081400000, 0x0000000081500000, 0x0000000081500000|100%| O|  |TAMS 0x0000000081500000, 0x0000000081400000| Untracked 
|  21|0x0000000081500000, 0x0000000081600000, 0x0000000081600000|100%| O|  |TAMS 0x0000000081600000, 0x0000000081500000| Untracked 
|  22|0x0000000081600000, 0x0000000081700000, 0x0000000081700000|100%| O|  |TAMS 0x0000000081700000, 0x0000000081600000| Untracked 
|  23|0x0000000081700000, 0x0000000081800000, 0x0000000081800000|100%|HS|  |TAMS 0x0000000081800000, 0x0000000081700000| Complete 
|  24|0x0000000081800000, 0x0000000081900000, 0x0000000081900000|100%|HS|  |TAMS 0x0000000081900000, 0x0000000081800000| Complete 
|  25|0x0000000081900000, 0x0000000081a00000, 0x0000000081a00000|100%|HC|  |TAMS 0x0000000081a00000, 0x0000000081900000| Complete 
|  26|0x0000000081a00000, 0x0000000081b00000, 0x0000000081b00000|100%| O|  |TAMS 0x0000000081b00000, 0x0000000081a00000| Untracked 
|  27|0x0000000081b00000, 0x0000000081c00000, 0x0000000081c00000|100%| O|  |TAMS 0x0000000081c00000, 0x0000000081b00000| Untracked 
|  28|0x0000000081c00000, 0x0000000081d00000, 0x0000000081d00000|100%| O|  |TAMS 0x0000000081d00000, 0x0000000081c00000| Untracked 
|  29|0x0000000081d00000, 0x0000000081e00000, 0x0000000081e00000|100%| O|  |TAMS 0x0000000081e00000, 0x0000000081d00000| Untracked 
|  30|0x0000000081e00000, 0x0000000081f00000, 0x0000000081f00000|100%| O|  |TAMS 0x0000000081f00000, 0x0000000081e00000| Untracked 
|  31|0x0000000081f00000, 0x0000000082000000, 0x0000000082000000|100%| O|  |TAMS 0x0000000082000000, 0x0000000081f00000| Untracked 
|  32|0x0000000082000000, 0x0000000082100000, 0x0000000082100000|100%| O|  |TAMS 0x0000000082100000, 0x0000000082000000| Untracked 
|  33|0x0000000082100000, 0x0000000082200000, 0x0000000082200000|100%| O|  |TAMS 0x0000000082200000, 0x0000000082100000| Untracked 
|  34|0x0000000082200000, 0x0000000082300000, 0x0000000082300000|100%| O|  |TAMS 0x0000000082300000, 0x0000000082200000| Untracked 
|  35|0x0000000082300000, 0x0000000082400000, 0x0000000082400000|100%| O|  |TAMS 0x0000000082400000, 0x0000000082300000| Untracked 
|  36|0x0000000082400000, 0x0000000082500000, 0x0000000082500000|100%| O|  |TAMS 0x0000000082500000, 0x0000000082400000| Untracked 
|  37|0x0000000082500000, 0x0000000082600000, 0x0000000082600000|100%| O|  |TAMS 0x0000000082600000, 0x0000000082500000| Untracked 
|  38|0x0000000082600000, 0x0000000082700000, 0x0000000082700000|100%| O|  |TAMS 0x0000000082700000, 0x0000000082600000| Untracked 
|  39|0x0000000082700000, 0x0000000082800000, 0x0000000082800000|100%| O|  |TAMS 0x0000000082800000, 0x0000000082700000| Untracked 
|  40|0x0000000082800000, 0x0000000082900000, 0x0000000082900000|100%| O|  |TAMS 0x0000000082900000, 0x0000000082800000| Untracked 
|  41|0x0000000082900000, 0x0000000082a00000, 0x0000000082a00000|100%| O|  |TAMS 0x0000000082a00000, 0x0000000082900000| Untracked 
|  42|0x0000000082a00000, 0x0000000082b00000, 0x0000000082b00000|100%| O|  |TAMS 0x0000000082b00000, 0x0000000082a00000| Untracked 
|  43|0x0000000082b00000, 0x0000000082c00000, 0x0000000082c00000|100%| O|  |TAMS 0x0000000082c00000, 0x0000000082b00000| Untracked 
|  44|0x0000000082c00000, 0x0000000082d00000, 0x0000000082d00000|100%| O|  |TAMS 0x0000000082d00000, 0x0000000082c00000| Untracked 
|  45|0x0000000082d00000, 0x0000000082e00000, 0x0000000082e00000|100%| O|  |TAMS 0x0000000082e00000, 0x0000000082d00000| Untracked 
|  46|0x0000000082e00000, 0x0000000082f00000, 0x0000000082f00000|100%| O|  |TAMS 0x0000000082f00000, 0x0000000082e00000| Untracked 
|  47|0x0000000082f00000, 0x0000000083000000, 0x0000000083000000|100%| O|  |TAMS 0x0000000083000000, 0x0000000082f00000| Untracked 
|  48|0x0000000083000000, 0x0000000083100000, 0x0000000083100000|100%| O|  |TAMS 0x0000000083100000, 0x0000000083000000| Untracked 
|  49|0x0000000083100000, 0x0000000083200000, 0x0000000083200000|100%| O|  |TAMS 0x0000000083200000, 0x0000000083100000| Untracked 
|  50|0x0000000083200000, 0x0000000083300000, 0x0000000083300000|100%| O|  |TAMS 0x0000000083300000, 0x0000000083200000| Untracked 
|  51|0x0000000083300000, 0x0000000083400000, 0x0000000083400000|100%| O|  |TAMS 0x0000000083400000, 0x0000000083300000| Untracked 
|  52|0x0000000083400000, 0x0000000083500000, 0x0000000083500000|100%| O|  |TAMS 0x0000000083400000, 0x0000000083400000| Untracked 
|  53|0x0000000083500000, 0x0000000083600000, 0x0000000083600000|100%| O|  |TAMS 0x0000000083500000, 0x0000000083500000| Untracked 
|  54|0x0000000083600000, 0x0000000083700000, 0x0000000083700000|100%|HS|  |TAMS 0x0000000083700000, 0x0000000083600000| Complete 
|  55|0x0000000083700000, 0x0000000083800000, 0x0000000083800000|100%| O|  |TAMS 0x0000000083800000, 0x0000000083700000| Untracked 
|  56|0x0000000083800000, 0x0000000083900000, 0x0000000083900000|100%| O|  |TAMS 0x0000000083900000, 0x0000000083800000| Untracked 
|  57|0x0000000083900000, 0x0000000083a00000, 0x0000000083a00000|100%| O|  |TAMS 0x0000000083a00000, 0x0000000083900000| Untracked 
|  58|0x0000000083a00000, 0x0000000083b00000, 0x0000000083b00000|100%| O|  |TAMS 0x0000000083b00000, 0x0000000083a00000| Untracked 
|  59|0x0000000083b00000, 0x0000000083c00000, 0x0000000083c00000|100%| O|  |TAMS 0x0000000083c00000, 0x0000000083b00000| Untracked 
|  60|0x0000000083c00000, 0x0000000083d00000, 0x0000000083d00000|100%| O|  |TAMS 0x0000000083d00000, 0x0000000083c00000| Untracked 
|  61|0x0000000083d00000, 0x0000000083e00000, 0x0000000083e00000|100%| O|  |TAMS 0x0000000083e00000, 0x0000000083d00000| Untracked 
|  62|0x0000000083e00000, 0x0000000083f00000, 0x0000000083f00000|100%| O|  |TAMS 0x0000000083f00000, 0x0000000083e00000| Untracked 
|  63|0x0000000083f00000, 0x0000000084000000, 0x0000000084000000|100%| O|  |TAMS 0x0000000084000000, 0x0000000083f00000| Untracked 
|  64|0x0000000084000000, 0x0000000084100000, 0x0000000084100000|100%| O|  |TAMS 0x0000000084100000, 0x0000000084000000| Untracked 
|  65|0x0000000084100000, 0x0000000084200000, 0x0000000084200000|100%| O|  |TAMS 0x0000000084100000, 0x0000000084100000| Untracked 
|  66|0x0000000084200000, 0x0000000084300000, 0x0000000084300000|100%| O|  |TAMS 0x0000000084300000, 0x0000000084200000| Untracked 
|  67|0x0000000084300000, 0x0000000084400000, 0x0000000084400000|100%| O|  |TAMS 0x0000000084400000, 0x0000000084300000| Untracked 
|  68|0x0000000084400000, 0x0000000084500000, 0x0000000084500000|100%|HS|  |TAMS 0x0000000084500000, 0x0000000084400000| Complete 
|  69|0x0000000084500000, 0x0000000084600000, 0x0000000084600000|100%| O|  |TAMS 0x0000000084600000, 0x0000000084500000| Untracked 
|  70|0x0000000084600000, 0x0000000084700000, 0x0000000084700000|100%|HS|  |TAMS 0x0000000084700000, 0x0000000084600000| Complete 
|  71|0x0000000084700000, 0x0000000084800000, 0x0000000084800000|100%| O|  |TAMS 0x0000000084800000, 0x0000000084700000| Untracked 
|  72|0x0000000084800000, 0x0000000084900000, 0x0000000084900000|100%|HS|  |TAMS 0x0000000084900000, 0x0000000084800000| Complete 
|  73|0x0000000084900000, 0x0000000084a00000, 0x0000000084a00000|100%|HS|  |TAMS 0x0000000084a00000, 0x0000000084900000| Complete 
|  74|0x0000000084a00000, 0x0000000084b00000, 0x0000000084b00000|100%|HC|  |TAMS 0x0000000084b00000, 0x0000000084a00000| Complete 
|  75|0x0000000084b00000, 0x0000000084c00000, 0x0000000084c00000|100%| O|  |TAMS 0x0000000084c00000, 0x0000000084b00000| Untracked 
|  76|0x0000000084c00000, 0x0000000084d00000, 0x0000000084d00000|100%| O|  |TAMS 0x0000000084d00000, 0x0000000084c00000| Untracked 
|  77|0x0000000084d00000, 0x0000000084e00000, 0x0000000084e00000|100%| O|  |TAMS 0x0000000084e00000, 0x0000000084d00000| Untracked 
|  78|0x0000000084e00000, 0x0000000084f00000, 0x0000000084f00000|100%|HS|  |TAMS 0x0000000084f00000, 0x0000000084e00000| Complete 
|  79|0x0000000084f00000, 0x0000000085000000, 0x0000000085000000|100%|HS|  |TAMS 0x0000000085000000, 0x0000000084f00000| Complete 
|  80|0x0000000085000000, 0x0000000085100000, 0x0000000085100000|100%|HS|  |TAMS 0x0000000085100000, 0x0000000085000000| Complete 
|  81|0x0000000085100000, 0x0000000085200000, 0x0000000085200000|100%| O|  |TAMS 0x0000000085100000, 0x0000000085100000| Untracked 
|  82|0x0000000085200000, 0x0000000085300000, 0x0000000085300000|100%| O|  |TAMS 0x0000000085300000, 0x0000000085200000| Untracked 
|  83|0x0000000085300000, 0x0000000085400000, 0x0000000085400000|100%| O|  |TAMS 0x0000000085400000, 0x0000000085300000| Untracked 
|  84|0x0000000085400000, 0x0000000085500000, 0x0000000085500000|100%|HS|  |TAMS 0x0000000085500000, 0x0000000085400000| Complete 
|  85|0x0000000085500000, 0x0000000085600000, 0x0000000085600000|100%| O|  |TAMS 0x0000000085600000, 0x0000000085500000| Untracked 
|  86|0x0000000085600000, 0x0000000085700000, 0x0000000085700000|100%| O|  |TAMS 0x0000000085700000, 0x0000000085600000| Untracked 
|  87|0x0000000085700000, 0x0000000085800000, 0x0000000085800000|100%| O|  |TAMS 0x0000000085700000, 0x0000000085700000| Untracked 
|  88|0x0000000085800000, 0x0000000085900000, 0x0000000085900000|100%| O|  |TAMS 0x0000000085900000, 0x0000000085800000| Untracked 
|  89|0x0000000085900000, 0x0000000085a00000, 0x0000000085a00000|100%| O|  |TAMS 0x0000000085900000, 0x0000000085900000| Untracked 
|  90|0x0000000085a00000, 0x0000000085b00000, 0x0000000085b00000|100%| O|  |TAMS 0x0000000085b00000, 0x0000000085a00000| Untracked 
|  91|0x0000000085b00000, 0x0000000085c00000, 0x0000000085c00000|100%| O|  |TAMS 0x0000000085c00000, 0x0000000085b00000| Untracked 
|  92|0x0000000085c00000, 0x0000000085d00000, 0x0000000085d00000|100%| O|  |TAMS 0x0000000085d00000, 0x0000000085c00000| Untracked 
|  93|0x0000000085d00000, 0x0000000085e00000, 0x0000000085e00000|100%|HS|  |TAMS 0x0000000085e00000, 0x0000000085d00000| Complete 
|  94|0x0000000085e00000, 0x0000000085f00000, 0x0000000085f00000|100%| O|  |TAMS 0x0000000085f00000, 0x0000000085e00000| Untracked 
|  95|0x0000000085f00000, 0x0000000086000000, 0x0000000086000000|100%| O|  |TAMS 0x0000000086000000, 0x0000000085f00000| Untracked 
|  96|0x0000000086000000, 0x0000000086100000, 0x0000000086100000|100%| O|  |TAMS 0x0000000086100000, 0x0000000086000000| Untracked 
|  97|0x0000000086100000, 0x0000000086200000, 0x0000000086200000|100%| O|  |TAMS 0x0000000086200000, 0x0000000086100000| Untracked 
|  98|0x0000000086200000, 0x0000000086300000, 0x0000000086300000|100%| O|  |TAMS 0x0000000086300000, 0x0000000086200000| Untracked 
|  99|0x0000000086300000, 0x0000000086400000, 0x0000000086400000|100%| O|  |TAMS 0x0000000086400000, 0x0000000086300000| Untracked 
| 100|0x0000000086400000, 0x0000000086500000, 0x0000000086500000|100%| O|  |TAMS 0x0000000086500000, 0x0000000086400000| Untracked 
| 101|0x0000000086500000, 0x0000000086600000, 0x0000000086600000|100%| O|  |TAMS 0x0000000086600000, 0x0000000086500000| Untracked 
| 102|0x0000000086600000, 0x0000000086700000, 0x0000000086700000|100%| O|  |TAMS 0x0000000086700000, 0x0000000086600000| Untracked 
| 103|0x0000000086700000, 0x0000000086800000, 0x0000000086800000|100%| O|  |TAMS 0x0000000086800000, 0x0000000086700000| Untracked 
| 104|0x0000000086800000, 0x0000000086900000, 0x0000000086900000|100%| O|  |TAMS 0x0000000086900000, 0x0000000086800000| Untracked 
| 105|0x0000000086900000, 0x0000000086a00000, 0x0000000086a00000|100%| O|  |TAMS 0x0000000086a00000, 0x0000000086900000| Untracked 
| 106|0x0000000086a00000, 0x0000000086b00000, 0x0000000086b00000|100%| O|  |TAMS 0x0000000086b00000, 0x0000000086a00000| Untracked 
| 107|0x0000000086b00000, 0x0000000086c00000, 0x0000000086c00000|100%| O|  |TAMS 0x0000000086c00000, 0x0000000086b00000| Untracked 
| 108|0x0000000086c00000, 0x0000000086d00000, 0x0000000086d00000|100%| O|  |TAMS 0x0000000086d00000, 0x0000000086c00000| Untracked 
| 109|0x0000000086d00000, 0x0000000086e00000, 0x0000000086e00000|100%| O|  |TAMS 0x0000000086e00000, 0x0000000086d00000| Untracked 
| 110|0x0000000086e00000, 0x0000000086f00000, 0x0000000086f00000|100%| O|  |TAMS 0x0000000086f00000, 0x0000000086e00000| Untracked 
| 111|0x0000000086f00000, 0x0000000087000000, 0x0000000087000000|100%| O|  |TAMS 0x0000000087000000, 0x0000000086f00000| Untracked 
| 112|0x0000000087000000, 0x0000000087100000, 0x0000000087100000|100%| O|  |TAMS 0x0000000087100000, 0x0000000087000000| Untracked 
| 113|0x0000000087100000, 0x0000000087200000, 0x0000000087200000|100%| O|  |TAMS 0x0000000087200000, 0x0000000087100000| Untracked 
| 114|0x0000000087200000, 0x0000000087300000, 0x0000000087300000|100%| O|  |TAMS 0x0000000087300000, 0x0000000087200000| Untracked 
| 115|0x0000000087300000, 0x0000000087400000, 0x0000000087400000|100%| O|  |TAMS 0x0000000087400000, 0x0000000087300000| Untracked 
| 116|0x0000000087400000, 0x0000000087500000, 0x0000000087500000|100%| O|  |TAMS 0x0000000087500000, 0x0000000087400000| Untracked 
| 117|0x0000000087500000, 0x0000000087600000, 0x0000000087600000|100%| O|  |TAMS 0x0000000087600000, 0x0000000087500000| Untracked 
| 118|0x0000000087600000, 0x0000000087700000, 0x0000000087700000|100%| O|  |TAMS 0x0000000087700000, 0x0000000087600000| Untracked 
| 119|0x0000000087700000, 0x0000000087800000, 0x0000000087800000|100%| O|  |TAMS 0x0000000087800000, 0x0000000087700000| Untracked 
| 120|0x0000000087800000, 0x0000000087900000, 0x0000000087900000|100%| O|  |TAMS 0x0000000087900000, 0x0000000087800000| Untracked 
| 121|0x0000000087900000, 0x0000000087a00000, 0x0000000087a00000|100%| O|  |TAMS 0x0000000087a00000, 0x0000000087900000| Untracked 
| 122|0x0000000087a00000, 0x0000000087b00000, 0x0000000087b00000|100%| O|  |TAMS 0x0000000087b00000, 0x0000000087a00000| Untracked 
| 123|0x0000000087b00000, 0x0000000087c00000, 0x0000000087c00000|100%| O|  |TAMS 0x0000000087c00000, 0x0000000087b00000| Untracked 
| 124|0x0000000087c00000, 0x0000000087d00000, 0x0000000087d00000|100%| O|  |TAMS 0x0000000087d00000, 0x0000000087c00000| Untracked 
| 125|0x0000000087d00000, 0x0000000087e00000, 0x0000000087e00000|100%| O|  |TAMS 0x0000000087e00000, 0x0000000087d00000| Untracked 
| 126|0x0000000087e00000, 0x0000000087f00000, 0x0000000087f00000|100%| O|  |TAMS 0x0000000087f00000, 0x0000000087e00000| Untracked 
| 127|0x0000000087f00000, 0x0000000088000000, 0x0000000088000000|100%| O|  |TAMS 0x0000000088000000, 0x0000000087f00000| Untracked 
| 128|0x0000000088000000, 0x0000000088100000, 0x0000000088100000|100%| O|  |TAMS 0x0000000088100000, 0x0000000088000000| Untracked 
| 129|0x0000000088100000, 0x0000000088200000, 0x0000000088200000|100%| O|  |TAMS 0x0000000088200000, 0x0000000088100000| Untracked 
| 130|0x0000000088200000, 0x0000000088300000, 0x0000000088300000|100%| O|  |TAMS 0x0000000088300000, 0x0000000088200000| Untracked 
| 131|0x0000000088300000, 0x0000000088400000, 0x0000000088400000|100%| O|  |TAMS 0x0000000088400000, 0x0000000088300000| Untracked 
| 132|0x0000000088400000, 0x0000000088500000, 0x0000000088500000|100%| O|  |TAMS 0x0000000088500000, 0x0000000088400000| Untracked 
| 133|0x0000000088500000, 0x0000000088600000, 0x0000000088600000|100%| O|  |TAMS 0x0000000088600000, 0x0000000088500000| Untracked 
| 134|0x0000000088600000, 0x0000000088700000, 0x0000000088700000|100%| O|  |TAMS 0x0000000088700000, 0x0000000088600000| Untracked 
| 135|0x0000000088700000, 0x0000000088800000, 0x0000000088800000|100%| O|  |TAMS 0x0000000088800000, 0x0000000088700000| Untracked 
| 136|0x0000000088800000, 0x0000000088900000, 0x0000000088900000|100%| O|  |TAMS 0x0000000088900000, 0x0000000088800000| Untracked 
| 137|0x0000000088900000, 0x0000000088a00000, 0x0000000088a00000|100%| O|  |TAMS 0x0000000088a00000, 0x0000000088900000| Untracked 
| 138|0x0000000088a00000, 0x0000000088b00000, 0x0000000088b00000|100%| O|  |TAMS 0x0000000088b00000, 0x0000000088a00000| Untracked 
| 139|0x0000000088b00000, 0x0000000088c00000, 0x0000000088c00000|100%| O|  |TAMS 0x0000000088c00000, 0x0000000088b00000| Untracked 
| 140|0x0000000088c00000, 0x0000000088d00000, 0x0000000088d00000|100%| O|  |TAMS 0x0000000088d00000, 0x0000000088c00000| Untracked 
| 141|0x0000000088d00000, 0x0000000088e00000, 0x0000000088e00000|100%| O|  |TAMS 0x0000000088e00000, 0x0000000088d00000| Untracked 
| 142|0x0000000088e00000, 0x0000000088f00000, 0x0000000088f00000|100%| O|  |TAMS 0x0000000088e00000, 0x0000000088e00000| Untracked 
| 143|0x0000000088f00000, 0x0000000089000000, 0x0000000089000000|100%| O|  |TAMS 0x0000000088f00000, 0x0000000088f00000| Untracked 
| 144|0x0000000089000000, 0x0000000089100000, 0x0000000089100000|100%| O|  |TAMS 0x0000000089000000, 0x0000000089000000| Untracked 
| 145|0x0000000089100000, 0x0000000089200000, 0x0000000089200000|100%| O|  |TAMS 0x0000000089200000, 0x0000000089100000| Untracked 
| 146|0x0000000089200000, 0x0000000089300000, 0x0000000089300000|100%| O|  |TAMS 0x0000000089200000, 0x0000000089200000| Untracked 
| 147|0x0000000089300000, 0x0000000089300000, 0x0000000089400000|  0%| F|  |TAMS 0x0000000089300000, 0x0000000089300000| Untracked 
| 148|0x0000000089400000, 0x0000000089400000, 0x0000000089500000|  0%| F|  |TAMS 0x0000000089400000, 0x0000000089400000| Untracked 
| 149|0x0000000089500000, 0x0000000089500000, 0x0000000089600000|  0%| F|  |TAMS 0x0000000089500000, 0x0000000089500000| Untracked 
| 150|0x0000000089600000, 0x0000000089600000, 0x0000000089700000|  0%| F|  |TAMS 0x0000000089600000, 0x0000000089600000| Untracked 
| 151|0x0000000089700000, 0x0000000089800000, 0x0000000089800000|100%| O|  |TAMS 0x0000000089700000, 0x0000000089700000| Untracked 
| 152|0x0000000089800000, 0x0000000089900000, 0x0000000089900000|100%| O|  |TAMS 0x0000000089900000, 0x0000000089800000| Untracked 
| 153|0x0000000089900000, 0x0000000089a00000, 0x0000000089a00000|100%| O|  |TAMS 0x0000000089900000, 0x0000000089900000| Untracked 
| 154|0x0000000089a00000, 0x0000000089b00000, 0x0000000089b00000|100%| O|  |TAMS 0x0000000089b00000, 0x0000000089a00000| Untracked 
| 155|0x0000000089b00000, 0x0000000089c00000, 0x0000000089c00000|100%| O|  |TAMS 0x0000000089c00000, 0x0000000089b00000| Untracked 
| 156|0x0000000089c00000, 0x0000000089d00000, 0x0000000089d00000|100%| O|  |TAMS 0x0000000089d00000, 0x0000000089c00000| Untracked 
| 157|0x0000000089d00000, 0x0000000089e00000, 0x0000000089e00000|100%| O|  |TAMS 0x0000000089e00000, 0x0000000089d00000| Untracked 
| 158|0x0000000089e00000, 0x0000000089f00000, 0x0000000089f00000|100%| O|  |TAMS 0x0000000089f00000, 0x0000000089e00000| Untracked 
| 159|0x0000000089f00000, 0x000000008a000000, 0x000000008a000000|100%| O|  |TAMS 0x000000008a000000, 0x0000000089f00000| Untracked 
| 160|0x000000008a000000, 0x000000008a100000, 0x000000008a100000|100%| O|  |TAMS 0x000000008a008200, 0x000000008a000000| Untracked 
| 161|0x000000008a100000, 0x000000008a100000, 0x000000008a200000|  0%| F|  |TAMS 0x000000008a100000, 0x000000008a100000| Untracked 
| 162|0x000000008a200000, 0x000000008a200000, 0x000000008a300000|  0%| F|  |TAMS 0x000000008a200000, 0x000000008a200000| Untracked 
| 163|0x000000008a300000, 0x000000008a400000, 0x000000008a400000|100%|HS|  |TAMS 0x000000008a300000, 0x000000008a300000| Complete 
| 164|0x000000008a400000, 0x000000008a500000, 0x000000008a500000|100%|HC|  |TAMS 0x000000008a400000, 0x000000008a400000| Complete 
| 165|0x000000008a500000, 0x000000008a600000, 0x000000008a600000|100%| O|  |TAMS 0x000000008a500000, 0x000000008a500000| Untracked 
| 166|0x000000008a600000, 0x000000008a700000, 0x000000008a700000|100%| O|  |TAMS 0x000000008a600000, 0x000000008a600000| Untracked 
| 167|0x000000008a700000, 0x000000008a800000, 0x000000008a800000|100%| O|  |TAMS 0x000000008a700000, 0x000000008a700000| Untracked 
| 168|0x000000008a800000, 0x000000008a900000, 0x000000008a900000|100%|HS|  |TAMS 0x000000008a800000, 0x000000008a800000| Complete 
| 169|0x000000008a900000, 0x000000008aa00000, 0x000000008aa00000|100%|HC|  |TAMS 0x000000008a900000, 0x000000008a900000| Complete 
| 170|0x000000008aa00000, 0x000000008ab00000, 0x000000008ab00000|100%|HS|  |TAMS 0x000000008aa00000, 0x000000008aa00000| Complete 
| 171|0x000000008ab00000, 0x000000008ac00000, 0x000000008ac00000|100%|HC|  |TAMS 0x000000008ab00000, 0x000000008ab00000| Complete 
| 172|0x000000008ac00000, 0x000000008ad00000, 0x000000008ad00000|100%|HC|  |TAMS 0x000000008ac00000, 0x000000008ac00000| Complete 
| 173|0x000000008ad00000, 0x000000008ad74a00, 0x000000008ae00000| 45%| O|  |TAMS 0x000000008ad00000, 0x000000008ad00000| Untracked 
| 174|0x000000008ae00000, 0x000000008ae00000, 0x000000008af00000|  0%| F|  |TAMS 0x000000008ae00000, 0x000000008ae00000| Untracked 
| 175|0x000000008af00000, 0x000000008af00000, 0x000000008b000000|  0%| F|  |TAMS 0x000000008af00000, 0x000000008af00000| Untracked 
| 176|0x000000008b000000, 0x000000008b100000, 0x000000008b100000|100%| O|  |TAMS 0x000000008b000000, 0x000000008b000000| Untracked 
| 177|0x000000008b100000, 0x000000008b200000, 0x000000008b200000|100%| O|  |TAMS 0x000000008b100000, 0x000000008b100000| Untracked 
| 178|0x000000008b200000, 0x000000008b300000, 0x000000008b300000|100%| O|  |TAMS 0x000000008b200000, 0x000000008b200000| Untracked 
| 179|0x000000008b300000, 0x000000008b400000, 0x000000008b400000|100%| O|  |TAMS 0x000000008b300000, 0x000000008b300000| Untracked 
| 180|0x000000008b400000, 0x000000008b500000, 0x000000008b500000|100%| O|  |TAMS 0x000000008b400000, 0x000000008b400000| Untracked 
| 181|0x000000008b500000, 0x000000008b600000, 0x000000008b600000|100%| O|  |TAMS 0x000000008b500000, 0x000000008b500000| Untracked 
| 182|0x000000008b600000, 0x000000008b700000, 0x000000008b700000|100%| O|  |TAMS 0x000000008b600000, 0x000000008b600000| Untracked 
| 183|0x000000008b700000, 0x000000008b800000, 0x000000008b800000|100%| O|  |TAMS 0x000000008b700000, 0x000000008b700000| Untracked 
| 184|0x000000008b800000, 0x000000008b900000, 0x000000008b900000|100%|HS|  |TAMS 0x000000008b800000, 0x000000008b800000| Complete 
| 185|0x000000008b900000, 0x000000008ba00000, 0x000000008ba00000|100%|HC|  |TAMS 0x000000008b900000, 0x000000008b900000| Complete 
| 186|0x000000008ba00000, 0x000000008bb00000, 0x000000008bb00000|100%|HC|  |TAMS 0x000000008ba00000, 0x000000008ba00000| Complete 
| 187|0x000000008bb00000, 0x000000008bc00000, 0x000000008bc00000|100%|HC|  |TAMS 0x000000008bb00000, 0x000000008bb00000| Complete 
| 188|0x000000008bc00000, 0x000000008bd00000, 0x000000008bd00000|100%|HC|  |TAMS 0x000000008bc00000, 0x000000008bc00000| Complete 
| 189|0x000000008bd00000, 0x000000008be00000, 0x000000008be00000|100%|HS|  |TAMS 0x000000008bd00000, 0x000000008bd00000| Complete 
| 190|0x000000008be00000, 0x000000008bf00000, 0x000000008bf00000|100%|HC|  |TAMS 0x000000008be00000, 0x000000008be00000| Complete 
| 191|0x000000008bf00000, 0x000000008c000000, 0x000000008c000000|100%|HC|  |TAMS 0x000000008bf00000, 0x000000008bf00000| Complete 
| 192|0x000000008c000000, 0x000000008c100000, 0x000000008c100000|100%|HC|  |TAMS 0x000000008c000000, 0x000000008c000000| Complete 
| 193|0x000000008c100000, 0x000000008c200000, 0x000000008c200000|100%|HC|  |TAMS 0x000000008c100000, 0x000000008c100000| Complete 
| 194|0x000000008c200000, 0x000000008c200000, 0x000000008c300000|  0%| F|  |TAMS 0x000000008c200000, 0x000000008c200000| Untracked 
| 195|0x000000008c300000, 0x000000008c300000, 0x000000008c400000|  0%| F|  |TAMS 0x000000008c300000, 0x000000008c300000| Untracked 
| 196|0x000000008c400000, 0x000000008c400000, 0x000000008c500000|  0%| F|  |TAMS 0x000000008c400000, 0x000000008c400000| Untracked 
| 197|0x000000008c500000, 0x000000008c500000, 0x000000008c600000|  0%| F|  |TAMS 0x000000008c500000, 0x000000008c500000| Untracked 
| 198|0x000000008c600000, 0x000000008c600000, 0x000000008c700000|  0%| F|  |TAMS 0x000000008c600000, 0x000000008c600000| Untracked 
| 199|0x000000008c700000, 0x000000008c700000, 0x000000008c800000|  0%| F|  |TAMS 0x000000008c700000, 0x000000008c700000| Untracked 
| 200|0x000000008c800000, 0x000000008c800000, 0x000000008c900000|  0%| F|  |TAMS 0x000000008c800000, 0x000000008c800000| Untracked 
| 201|0x000000008c900000, 0x000000008c900000, 0x000000008ca00000|  0%| F|  |TAMS 0x000000008c900000, 0x000000008c900000| Untracked 
| 202|0x000000008ca00000, 0x000000008ca00000, 0x000000008cb00000|  0%| F|  |TAMS 0x000000008ca00000, 0x000000008ca00000| Untracked 
| 203|0x000000008cb00000, 0x000000008cb00000, 0x000000008cc00000|  0%| F|  |TAMS 0x000000008cb00000, 0x000000008cb00000| Untracked 
| 204|0x000000008cc00000, 0x000000008cc00000, 0x000000008cd00000|  0%| F|  |TAMS 0x000000008cc00000, 0x000000008cc00000| Untracked 
| 205|0x000000008cd00000, 0x000000008cd00000, 0x000000008ce00000|  0%| F|  |TAMS 0x000000008cd00000, 0x000000008cd00000| Untracked 
| 206|0x000000008ce00000, 0x000000008ce00000, 0x000000008cf00000|  0%| F|  |TAMS 0x000000008ce00000, 0x000000008ce00000| Untracked 
| 207|0x000000008cf00000, 0x000000008cf00000, 0x000000008d000000|  0%| F|  |TAMS 0x000000008cf00000, 0x000000008cf00000| Untracked 
| 208|0x000000008d000000, 0x000000008d000000, 0x000000008d100000|  0%| F|  |TAMS 0x000000008d000000, 0x000000008d000000| Untracked 
| 209|0x000000008d100000, 0x000000008d100000, 0x000000008d200000|  0%| F|  |TAMS 0x000000008d100000, 0x000000008d100000| Untracked 
| 210|0x000000008d200000, 0x000000008d200000, 0x000000008d300000|  0%| F|  |TAMS 0x000000008d200000, 0x000000008d200000| Untracked 
| 211|0x000000008d300000, 0x000000008d300000, 0x000000008d400000|  0%| F|  |TAMS 0x000000008d300000, 0x000000008d300000| Untracked 
| 212|0x000000008d400000, 0x000000008d400000, 0x000000008d500000|  0%| F|  |TAMS 0x000000008d400000, 0x000000008d400000| Untracked 
| 213|0x000000008d500000, 0x000000008d500000, 0x000000008d600000|  0%| F|  |TAMS 0x000000008d500000, 0x000000008d500000| Untracked 
| 214|0x000000008d600000, 0x000000008d600000, 0x000000008d700000|  0%| F|  |TAMS 0x000000008d600000, 0x000000008d600000| Untracked 
| 215|0x000000008d700000, 0x000000008d700000, 0x000000008d800000|  0%| F|  |TAMS 0x000000008d700000, 0x000000008d700000| Untracked 
| 216|0x000000008d800000, 0x000000008d800000, 0x000000008d900000|  0%| F|  |TAMS 0x000000008d800000, 0x000000008d800000| Untracked 
| 217|0x000000008d900000, 0x000000008d900000, 0x000000008da00000|  0%| F|  |TAMS 0x000000008d900000, 0x000000008d900000| Untracked 
| 218|0x000000008da00000, 0x000000008da00000, 0x000000008db00000|  0%| F|  |TAMS 0x000000008da00000, 0x000000008da00000| Untracked 
| 219|0x000000008db00000, 0x000000008db00000, 0x000000008dc00000|  0%| F|  |TAMS 0x000000008db00000, 0x000000008db00000| Untracked 
| 220|0x000000008dc00000, 0x000000008dc00000, 0x000000008dd00000|  0%| F|  |TAMS 0x000000008dc00000, 0x000000008dc00000| Untracked 
| 221|0x000000008dd00000, 0x000000008dd00000, 0x000000008de00000|  0%| F|  |TAMS 0x000000008dd00000, 0x000000008dd00000| Untracked 
| 222|0x000000008de00000, 0x000000008de00000, 0x000000008df00000|  0%| F|  |TAMS 0x000000008de00000, 0x000000008de00000| Untracked 
| 223|0x000000008df00000, 0x000000008df00000, 0x000000008e000000|  0%| F|  |TAMS 0x000000008df00000, 0x000000008df00000| Untracked 
| 224|0x000000008e000000, 0x000000008e000000, 0x000000008e100000|  0%| F|  |TAMS 0x000000008e000000, 0x000000008e000000| Untracked 
| 225|0x000000008e100000, 0x000000008e200000, 0x000000008e200000|100%| S|CS|TAMS 0x000000008e100000, 0x000000008e100000| Complete 
| 226|0x000000008e200000, 0x000000008e300000, 0x000000008e300000|100%| S|CS|TAMS 0x000000008e200000, 0x000000008e200000| Complete 
| 227|0x000000008e300000, 0x000000008e400000, 0x000000008e400000|100%| S|CS|TAMS 0x000000008e300000, 0x000000008e300000| Complete 
| 228|0x000000008e400000, 0x000000008e500000, 0x000000008e500000|100%| S|CS|TAMS 0x000000008e400000, 0x000000008e400000| Complete 
| 229|0x000000008e500000, 0x000000008e500000, 0x000000008e600000|  0%| F|  |TAMS 0x000000008e500000, 0x000000008e500000| Untracked 
| 230|0x000000008e600000, 0x000000008e600000, 0x000000008e700000|  0%| F|  |TAMS 0x000000008e600000, 0x000000008e600000| Untracked 
| 231|0x000000008e700000, 0x000000008e800000, 0x000000008e800000|100%| S|CS|TAMS 0x000000008e700000, 0x000000008e700000| Complete 
| 232|0x000000008e800000, 0x000000008e800000, 0x000000008e900000|  0%| F|  |TAMS 0x000000008e800000, 0x000000008e800000| Untracked 
| 233|0x000000008e900000, 0x000000008e900000, 0x000000008ea00000|  0%| F|  |TAMS 0x000000008e900000, 0x000000008e900000| Untracked 
| 234|0x000000008ea00000, 0x000000008ea00000, 0x000000008eb00000|  0%| F|  |TAMS 0x000000008ea00000, 0x000000008ea00000| Untracked 
| 235|0x000000008eb00000, 0x000000008eb00000, 0x000000008ec00000|  0%| F|  |TAMS 0x000000008eb00000, 0x000000008eb00000| Untracked 
| 236|0x000000008ec00000, 0x000000008ec00000, 0x000000008ed00000|  0%| F|  |TAMS 0x000000008ec00000, 0x000000008ec00000| Untracked 
| 237|0x000000008ed00000, 0x000000008ed00000, 0x000000008ee00000|  0%| F|  |TAMS 0x000000008ed00000, 0x000000008ed00000| Untracked 
| 238|0x000000008ee00000, 0x000000008ee00000, 0x000000008ef00000|  0%| F|  |TAMS 0x000000008ee00000, 0x000000008ee00000| Untracked 
| 239|0x000000008ef00000, 0x000000008ef00000, 0x000000008f000000|  0%| F|  |TAMS 0x000000008ef00000, 0x000000008ef00000| Untracked 
| 240|0x000000008f000000, 0x000000008f000000, 0x000000008f100000|  0%| F|  |TAMS 0x000000008f000000, 0x000000008f000000| Untracked 
| 241|0x000000008f100000, 0x000000008f100000, 0x000000008f200000|  0%| F|  |TAMS 0x000000008f100000, 0x000000008f100000| Untracked 
| 242|0x000000008f200000, 0x000000008f200000, 0x000000008f300000|  0%| F|  |TAMS 0x000000008f200000, 0x000000008f200000| Untracked 
| 243|0x000000008f300000, 0x000000008f300000, 0x000000008f400000|  0%| F|  |TAMS 0x000000008f300000, 0x000000008f300000| Untracked 
| 244|0x000000008f400000, 0x000000008f400000, 0x000000008f500000|  0%| F|  |TAMS 0x000000008f400000, 0x000000008f400000| Untracked 
| 245|0x000000008f500000, 0x000000008f500000, 0x000000008f600000|  0%| F|  |TAMS 0x000000008f500000, 0x000000008f500000| Untracked 
| 246|0x000000008f600000, 0x000000008f600000, 0x000000008f700000|  0%| F|  |TAMS 0x000000008f600000, 0x000000008f600000| Untracked 
| 247|0x000000008f700000, 0x000000008f700000, 0x000000008f800000|  0%| F|  |TAMS 0x000000008f700000, 0x000000008f700000| Untracked 
| 248|0x000000008f800000, 0x000000008f800000, 0x000000008f900000|  0%| F|  |TAMS 0x000000008f800000, 0x000000008f800000| Untracked 
| 249|0x000000008f900000, 0x000000008f900000, 0x000000008fa00000|  0%| F|  |TAMS 0x000000008f900000, 0x000000008f900000| Untracked 
| 250|0x000000008fa00000, 0x000000008fa00000, 0x000000008fb00000|  0%| F|  |TAMS 0x000000008fa00000, 0x000000008fa00000| Untracked 
| 251|0x000000008fb00000, 0x000000008fb00000, 0x000000008fc00000|  0%| F|  |TAMS 0x000000008fb00000, 0x000000008fb00000| Untracked 
| 252|0x000000008fc00000, 0x000000008fc00000, 0x000000008fd00000|  0%| F|  |TAMS 0x000000008fc00000, 0x000000008fc00000| Untracked 
| 253|0x000000008fd00000, 0x000000008fd00000, 0x000000008fe00000|  0%| F|  |TAMS 0x000000008fd00000, 0x000000008fd00000| Untracked 
| 254|0x000000008fe00000, 0x000000008fe00000, 0x000000008ff00000|  0%| F|  |TAMS 0x000000008fe00000, 0x000000008fe00000| Untracked 
| 255|0x000000008ff00000, 0x000000008ff00000, 0x0000000090000000|  0%| F|  |TAMS 0x000000008ff00000, 0x000000008ff00000| Untracked 
| 256|0x0000000090000000, 0x0000000090000000, 0x0000000090100000|  0%| F|  |TAMS 0x0000000090000000, 0x0000000090000000| Untracked 
| 257|0x0000000090100000, 0x0000000090100000, 0x0000000090200000|  0%| F|  |TAMS 0x0000000090100000, 0x0000000090100000| Untracked 
| 258|0x0000000090200000, 0x0000000090200000, 0x0000000090300000|  0%| F|  |TAMS 0x0000000090200000, 0x0000000090200000| Untracked 
| 259|0x0000000090300000, 0x0000000090300000, 0x0000000090400000|  0%| F|  |TAMS 0x0000000090300000, 0x0000000090300000| Untracked 
| 260|0x0000000090400000, 0x0000000090400000, 0x0000000090500000|  0%| F|  |TAMS 0x0000000090400000, 0x0000000090400000| Untracked 
| 261|0x0000000090500000, 0x0000000090500000, 0x0000000090600000|  0%| F|  |TAMS 0x0000000090500000, 0x0000000090500000| Untracked 
| 262|0x0000000090600000, 0x0000000090600000, 0x0000000090700000|  0%| F|  |TAMS 0x0000000090600000, 0x0000000090600000| Untracked 
| 263|0x0000000090700000, 0x0000000090700000, 0x0000000090800000|  0%| F|  |TAMS 0x0000000090700000, 0x0000000090700000| Untracked 
| 264|0x0000000090800000, 0x0000000090800000, 0x0000000090900000|  0%| F|  |TAMS 0x0000000090800000, 0x0000000090800000| Untracked 
| 265|0x0000000090900000, 0x0000000090900000, 0x0000000090a00000|  0%| F|  |TAMS 0x0000000090900000, 0x0000000090900000| Untracked 
| 266|0x0000000090a00000, 0x0000000090a00000, 0x0000000090b00000|  0%| F|  |TAMS 0x0000000090a00000, 0x0000000090a00000| Untracked 
| 267|0x0000000090b00000, 0x0000000090b00000, 0x0000000090c00000|  0%| F|  |TAMS 0x0000000090b00000, 0x0000000090b00000| Untracked 
| 268|0x0000000090c00000, 0x0000000090c00000, 0x0000000090d00000|  0%| F|  |TAMS 0x0000000090c00000, 0x0000000090c00000| Untracked 
| 269|0x0000000090d00000, 0x0000000090d00000, 0x0000000090e00000|  0%| F|  |TAMS 0x0000000090d00000, 0x0000000090d00000| Untracked 
| 270|0x0000000090e00000, 0x0000000090e00000, 0x0000000090f00000|  0%| F|  |TAMS 0x0000000090e00000, 0x0000000090e00000| Untracked 
| 271|0x0000000090f00000, 0x0000000090f00000, 0x0000000091000000|  0%| F|  |TAMS 0x0000000090f00000, 0x0000000090f00000| Untracked 
| 272|0x0000000091000000, 0x0000000091000000, 0x0000000091100000|  0%| F|  |TAMS 0x0000000091000000, 0x0000000091000000| Untracked 
| 273|0x0000000091100000, 0x0000000091100000, 0x0000000091200000|  0%| F|  |TAMS 0x0000000091100000, 0x0000000091100000| Untracked 
| 274|0x0000000091200000, 0x0000000091200000, 0x0000000091300000|  0%| F|  |TAMS 0x0000000091200000, 0x0000000091200000| Untracked 
| 275|0x0000000091300000, 0x0000000091300000, 0x0000000091400000|  0%| F|  |TAMS 0x0000000091300000, 0x0000000091300000| Untracked 
| 276|0x0000000091400000, 0x0000000091400000, 0x0000000091500000|  0%| F|  |TAMS 0x0000000091400000, 0x0000000091400000| Untracked 
| 277|0x0000000091500000, 0x0000000091500000, 0x0000000091600000|  0%| F|  |TAMS 0x0000000091500000, 0x0000000091500000| Untracked 
| 278|0x0000000091600000, 0x0000000091600000, 0x0000000091700000|  0%| F|  |TAMS 0x0000000091600000, 0x0000000091600000| Untracked 
| 279|0x0000000091700000, 0x0000000091700000, 0x0000000091800000|  0%| F|  |TAMS 0x0000000091700000, 0x0000000091700000| Untracked 
| 280|0x0000000091800000, 0x0000000091800000, 0x0000000091900000|  0%| F|  |TAMS 0x0000000091800000, 0x0000000091800000| Untracked 
| 281|0x0000000091900000, 0x0000000091900000, 0x0000000091a00000|  0%| F|  |TAMS 0x0000000091900000, 0x0000000091900000| Untracked 
| 282|0x0000000091a00000, 0x0000000091a00000, 0x0000000091b00000|  0%| F|  |TAMS 0x0000000091a00000, 0x0000000091a00000| Untracked 
| 283|0x0000000091b00000, 0x0000000091b00000, 0x0000000091c00000|  0%| F|  |TAMS 0x0000000091b00000, 0x0000000091b00000| Untracked 
| 284|0x0000000091c00000, 0x0000000091c00000, 0x0000000091d00000|  0%| F|  |TAMS 0x0000000091c00000, 0x0000000091c00000| Untracked 
| 285|0x0000000091d00000, 0x0000000091d00000, 0x0000000091e00000|  0%| F|  |TAMS 0x0000000091d00000, 0x0000000091d00000| Untracked 
| 286|0x0000000091e00000, 0x0000000091e00000, 0x0000000091f00000|  0%| F|  |TAMS 0x0000000091e00000, 0x0000000091e00000| Untracked 
| 287|0x0000000091f00000, 0x0000000091f00000, 0x0000000092000000|  0%| F|  |TAMS 0x0000000091f00000, 0x0000000091f00000| Untracked 
| 288|0x0000000092000000, 0x0000000092000000, 0x0000000092100000|  0%| F|  |TAMS 0x0000000092000000, 0x0000000092000000| Untracked 
| 289|0x0000000092100000, 0x0000000092100000, 0x0000000092200000|  0%| F|  |TAMS 0x0000000092100000, 0x0000000092100000| Untracked 
| 290|0x0000000092200000, 0x0000000092200000, 0x0000000092300000|  0%| F|  |TAMS 0x0000000092200000, 0x0000000092200000| Untracked 
| 291|0x0000000092300000, 0x0000000092300000, 0x0000000092400000|  0%| F|  |TAMS 0x0000000092300000, 0x0000000092300000| Untracked 
| 292|0x0000000092400000, 0x0000000092400000, 0x0000000092500000|  0%| F|  |TAMS 0x0000000092400000, 0x0000000092400000| Untracked 
| 293|0x0000000092500000, 0x0000000092500000, 0x0000000092600000|  0%| F|  |TAMS 0x0000000092500000, 0x0000000092500000| Untracked 
| 294|0x0000000092600000, 0x0000000092600000, 0x0000000092700000|  0%| F|  |TAMS 0x0000000092600000, 0x0000000092600000| Untracked 
| 295|0x0000000092700000, 0x0000000092700000, 0x0000000092800000|  0%| F|  |TAMS 0x0000000092700000, 0x0000000092700000| Untracked 
| 296|0x0000000092800000, 0x0000000092800000, 0x0000000092900000|  0%| F|  |TAMS 0x0000000092800000, 0x0000000092800000| Untracked 
| 297|0x0000000092900000, 0x0000000092a00000, 0x0000000092a00000|100%| E|  |TAMS 0x0000000092900000, 0x0000000092900000| Complete 
| 298|0x0000000092a00000, 0x0000000092b00000, 0x0000000092b00000|100%| E|CS|TAMS 0x0000000092a00000, 0x0000000092a00000| Complete 
| 299|0x0000000092b00000, 0x0000000092c00000, 0x0000000092c00000|100%| E|CS|TAMS 0x0000000092b00000, 0x0000000092b00000| Complete 
| 300|0x0000000092c00000, 0x0000000092d00000, 0x0000000092d00000|100%| E|CS|TAMS 0x0000000092c00000, 0x0000000092c00000| Complete 
| 301|0x0000000092d00000, 0x0000000092e00000, 0x0000000092e00000|100%| E|CS|TAMS 0x0000000092d00000, 0x0000000092d00000| Complete 
| 302|0x0000000092e00000, 0x0000000092f00000, 0x0000000092f00000|100%| E|CS|TAMS 0x0000000092e00000, 0x0000000092e00000| Complete 
| 303|0x0000000092f00000, 0x0000000093000000, 0x0000000093000000|100%| E|CS|TAMS 0x0000000092f00000, 0x0000000092f00000| Complete 
| 304|0x0000000093000000, 0x0000000093100000, 0x0000000093100000|100%| E|CS|TAMS 0x0000000093000000, 0x0000000093000000| Complete 
| 305|0x0000000093100000, 0x0000000093200000, 0x0000000093200000|100%| E|CS|TAMS 0x0000000093100000, 0x0000000093100000| Complete 
| 306|0x0000000093200000, 0x0000000093300000, 0x0000000093300000|100%| E|CS|TAMS 0x0000000093200000, 0x0000000093200000| Complete 
| 307|0x0000000093300000, 0x0000000093400000, 0x0000000093400000|100%| E|CS|TAMS 0x0000000093300000, 0x0000000093300000| Complete 
| 308|0x0000000093400000, 0x0000000093500000, 0x0000000093500000|100%| E|CS|TAMS 0x0000000093400000, 0x0000000093400000| Complete 
| 309|0x0000000093500000, 0x0000000093600000, 0x0000000093600000|100%| E|CS|TAMS 0x0000000093500000, 0x0000000093500000| Complete 
| 310|0x0000000093600000, 0x0000000093700000, 0x0000000093700000|100%| E|CS|TAMS 0x0000000093600000, 0x0000000093600000| Complete 
| 311|0x0000000093700000, 0x0000000093800000, 0x0000000093800000|100%| E|CS|TAMS 0x0000000093700000, 0x0000000093700000| Complete 
| 312|0x0000000093800000, 0x0000000093900000, 0x0000000093900000|100%| E|CS|TAMS 0x0000000093800000, 0x0000000093800000| Complete 
| 313|0x0000000093900000, 0x0000000093a00000, 0x0000000093a00000|100%| E|CS|TAMS 0x0000000093900000, 0x0000000093900000| Complete 
| 314|0x0000000093a00000, 0x0000000093b00000, 0x0000000093b00000|100%| E|CS|TAMS 0x0000000093a00000, 0x0000000093a00000| Complete 
| 315|0x0000000093b00000, 0x0000000093c00000, 0x0000000093c00000|100%| E|CS|TAMS 0x0000000093b00000, 0x0000000093b00000| Complete 
| 316|0x0000000093c00000, 0x0000000093d00000, 0x0000000093d00000|100%| E|CS|TAMS 0x0000000093c00000, 0x0000000093c00000| Complete 
| 317|0x0000000093d00000, 0x0000000093e00000, 0x0000000093e00000|100%| E|CS|TAMS 0x0000000093d00000, 0x0000000093d00000| Complete 
| 318|0x0000000093e00000, 0x0000000093f00000, 0x0000000093f00000|100%| E|CS|TAMS 0x0000000093e00000, 0x0000000093e00000| Complete 
| 319|0x0000000093f00000, 0x0000000094000000, 0x0000000094000000|100%| E|CS|TAMS 0x0000000093f00000, 0x0000000093f00000| Complete 
| 320|0x0000000094000000, 0x0000000094100000, 0x0000000094100000|100%| E|CS|TAMS 0x0000000094000000, 0x0000000094000000| Complete 

Card table byte_map: [0x00000259d8d40000,0x00000259d9140000] _byte_map_base: 0x00000259d8940000

Marking Bits (Prev, Next): (CMBitMap*) 0x00000259c5ea0598, (CMBitMap*) 0x00000259c5ea05d0
 Prev Bits: [0x00000259d9540000, 0x00000259db540000)
 Next Bits: [0x00000259db540000, 0x00000259dd540000)

Polling page: 0x00000259c3c90000

Metaspace:

Usage:
  Non-class:    119.71 MB capacity,   117.29 MB ( 98%) used,     1.94 MB (  2%) free+waste,   497.25 KB ( <1%) overhead. 
      Class:     17.94 MB capacity,    16.47 MB ( 92%) used,     1.25 MB (  7%) free+waste,   217.69 KB (  1%) overhead. 
       Both:    137.65 MB capacity,   133.76 MB ( 97%) used,     3.19 MB (  2%) free+waste,   714.94 KB ( <1%) overhead. 

Virtual space:
  Non-class space:      120.00 MB reserved,     119.75 MB (>99%) committed 
      Class space:        1.00 GB reserved,      17.95 MB (  2%) committed 
             Both:        1.12 GB reserved,     137.70 MB ( 12%) committed 

Chunk freelists:
   Non-Class:  42.00 KB
       Class:  0 bytes
        Both:  42.00 KB

MaxMetaspaceSize: 17179869184.00 GB
CompressedClassSpaceSize: 1.00 GB

CodeHeap 'non-profiled nmethods': size=120064Kb used=13164Kb max_used=13164Kb free=106900Kb
 bounds [0x00000259d1400000, 0x00000259d20e0000, 0x00000259d8940000]
CodeHeap 'profiled nmethods': size=120000Kb used=51446Kb max_used=51446Kb free=68553Kb
 bounds [0x00000259c9ed0000, 0x00000259cd130000, 0x00000259d1400000]
CodeHeap 'non-nmethods': size=5696Kb used=2365Kb max_used=2426Kb free=3330Kb
 bounds [0x00000259c9940000, 0x00000259c9bb0000, 0x00000259c9ed0000]
 total_blobs=25088 nmethods=24100 adapters=897
 compilation: enabled
              stopped_count=0, restarted_count=0
 full_count=0

Compilation events (20 events):
Event: 1417.222 Thread 0x00000259dfa5f800 26749       2       groovyjarjarantlr4.v4.runtime.atn.ATNConfigSet::hashCode (65 bytes)
Event: 1417.222 Thread 0x00000259dfa5f800 nmethod 26749 0x00000259cd10c490 code [0x00000259cd10c660, 0x00000259cd10c918]
Event: 1417.226 Thread 0x00000259dfa5f800 26751       3       groovyjarjarantlr4.v4.runtime.atn.PredictionContext::calculateHashCode (86 bytes)
Event: 1417.227 Thread 0x00000259dfa5f800 nmethod 26751 0x00000259cd10ca90 code [0x00000259cd10cca0, 0x00000259cd10d108]
Event: 1417.229 Thread 0x00000259dfa5f800 26752       1       groovyjarjarantlr4.v4.runtime.atn.ATNConfigSet::isOutermostConfigSet (5 bytes)
Event: 1417.229 Thread 0x00000259dfa5f800 nmethod 26752 0x00000259d20db610 code [0x00000259d20db7c0, 0x00000259d20db878]
Event: 1417.229 Thread 0x00000259dfa5f800 26753       1       groovyjarjarantlr4.v4.runtime.dfa.EmptyEdgeMap::get (2 bytes)
Event: 1417.229 Thread 0x00000259dfa5f800 nmethod 26753 0x00000259d20db910 code [0x00000259d20dbac0, 0x00000259d20dbb78]
Event: 1417.232 Thread 0x00000259dfa5f800 26755       1       groovyjarjarantlr4.v4.runtime.atn.ATNConfigSet::getDipsIntoOuterContext (5 bytes)
Event: 1417.232 Thread 0x00000259dfa5f800 nmethod 26755 0x00000259d20dbc10 code [0x00000259d20dbdc0, 0x00000259d20dbe78]
Event: 1417.233 Thread 0x00000259dfa5f800 26758       2       java.util.HashMap$TreeNode::balanceInsertion (245 bytes)
Event: 1417.233 Thread 0x00000259dfa5f800 nmethod 26758 0x00000259cd10d390 code [0x00000259cd10d5c0, 0x00000259cd10dbd8]
Event: 1417.234 Thread 0x00000259dfa5f800 26759       2       groovyjarjarantlr4.v4.runtime.dfa.DFAState::setTarget (14 bytes)
Event: 1417.234 Thread 0x00000259dfa5f800 nmethod 26759 0x00000259cd10e010 code [0x00000259cd10e1c0, 0x00000259cd10e348]
Event: 1417.234 Thread 0x00000259dfa5f800 26760       2       groovyjarjarantlr4.v4.runtime.CommonTokenStream::adjustSeekIndex (10 bytes)
Event: 1417.235 Thread 0x00000259dfa5f800 nmethod 26760 0x00000259cd10e410 code [0x00000259cd10e5c0, 0x00000259cd10e6c8]
Event: 1417.235 Thread 0x00000259dfa5f800 26761       2       groovyjarjarantlr4.v4.runtime.BufferedTokenStream::nextTokenOnChannel (85 bytes)
Event: 1417.235 Thread 0x00000259dfa5f800 nmethod 26761 0x00000259cd10e790 code [0x00000259cd10e9a0, 0x00000259cd10ed78]
Event: 1417.236 Thread 0x00000259dfa5f800 26762       2       groovyjarjarantlr4.v4.runtime.atn.SimulatorState::<init> (36 bytes)
Event: 1417.236 Thread 0x00000259dfa5f800 nmethod 26762 0x00000259cd10ef90 code [0x00000259cd10f140, 0x00000259cd10f378]

GC Heap History (20 events):
Event: 79.491 GC heap before
{Heap before GC invocations=47 (full 0):
 garbage-first heap   total 328704K, used 268764K [0x0000000080000000, 0x0000000100000000)
  region size 1024K, 106 young (108544K), 7 survivors (7168K)
 Metaspace       used 130060K, capacity 133366K, committed 133580K, reserved 1165312K
  class space    used 16049K, capacity 17307K, committed 17356K, reserved 1048576K
}
Event: 79.506 GC heap after
{Heap after GC invocations=48 (full 0):
 garbage-first heap   total 328704K, used 162336K [0x0000000080000000, 0x0000000100000000)
  region size 1024K, 7 young (7168K), 7 survivors (7168K)
 Metaspace       used 130060K, capacity 133366K, committed 133580K, reserved 1165312K
  class space    used 16049K, capacity 17307K, committed 17356K, reserved 1048576K
}
Event: 149.740 GC heap before
{Heap before GC invocations=48 (full 0):
 garbage-first heap   total 328704K, used 264736K [0x0000000080000000, 0x0000000100000000)
  region size 1024K, 108 young (110592K), 7 survivors (7168K)
 Metaspace       used 130733K, capacity 134065K, committed 134220K, reserved 1165312K
  class space    used 16081K, capacity 17364K, committed 17484K, reserved 1048576K
}
Event: 149.753 GC heap after
{Heap after GC invocations=49 (full 0):
 garbage-first heap   total 328704K, used 162814K [0x0000000080000000, 0x0000000100000000)
  region size 1024K, 7 young (7168K), 7 survivors (7168K)
 Metaspace       used 130733K, capacity 134065K, committed 134220K, reserved 1165312K
  class space    used 16081K, capacity 17364K, committed 17484K, reserved 1048576K
}
Event: 190.105 GC heap before
{Heap before GC invocations=49 (full 0):
 garbage-first heap   total 328704K, used 270334K [0x0000000080000000, 0x0000000100000000)
  region size 1024K, 110 young (112640K), 7 survivors (7168K)
 Metaspace       used 131304K, capacity 134794K, committed 134988K, reserved 1167360K
  class space    used 16104K, capacity 17408K, committed 17484K, reserved 1048576K
}
Event: 190.128 GC heap after
{Heap after GC invocations=50 (full 0):
 garbage-first heap   total 328704K, used 172752K [0x0000000080000000, 0x0000000100000000)
  region size 1024K, 14 young (14336K), 14 survivors (14336K)
 Metaspace       used 131304K, capacity 134794K, committed 134988K, reserved 1167360K
  class space    used 16104K, capacity 17408K, committed 17484K, reserved 1048576K
}
Event: 248.949 GC heap before
{Heap before GC invocations=50 (full 0):
 garbage-first heap   total 328704K, used 283344K [0x0000000080000000, 0x0000000100000000)
  region size 1024K, 102 young (104448K), 14 survivors (14336K)
 Metaspace       used 131474K, capacity 134970K, committed 135244K, reserved 1167360K
  class space    used 16109K, capacity 17417K, committed 17484K, reserved 1048576K
}
Event: 248.964 GC heap after
{Heap after GC invocations=51 (full 0):
 garbage-first heap   total 328704K, used 172493K [0x0000000080000000, 0x0000000100000000)
  region size 1024K, 6 young (6144K), 6 survivors (6144K)
 Metaspace       used 131474K, capacity 134970K, committed 135244K, reserved 1167360K
  class space    used 16109K, capacity 17417K, committed 17484K, reserved 1048576K
}
Event: 250.201 GC heap before
{Heap before GC invocations=51 (full 0):
 garbage-first heap   total 328704K, used 265677K [0x0000000080000000, 0x0000000100000000)
  region size 1024K, 96 young (98304K), 6 survivors (6144K)
 Metaspace       used 132687K, capacity 136625K, committed 136908K, reserved 1169408K
  class space    used 16315K, capacity 17768K, committed 17868K, reserved 1048576K
}
Event: 250.218 GC heap after
{Heap after GC invocations=52 (full 0):
 garbage-first heap   total 328704K, used 177708K [0x0000000080000000, 0x0000000100000000)
  region size 1024K, 9 young (9216K), 9 survivors (9216K)
 Metaspace       used 132687K, capacity 136625K, committed 136908K, reserved 1169408K
  class space    used 16315K, capacity 17768K, committed 17868K, reserved 1048576K
}
Event: 325.677 GC heap before
{Heap before GC invocations=52 (full 0):
 garbage-first heap   total 328704K, used 273964K [0x0000000080000000, 0x0000000100000000)
  region size 1024K, 98 young (100352K), 9 survivors (9216K)
 Metaspace       used 132983K, capacity 136969K, committed 137164K, reserved 1169408K
  class space    used 16316K, capacity 17770K, committed 17868K, reserved 1048576K
}
Event: 325.688 GC heap after
{Heap after GC invocations=53 (full 0):
 garbage-first heap   total 328704K, used 174967K [0x0000000080000000, 0x0000000100000000)
  region size 1024K, 6 young (6144K), 6 survivors (6144K)
 Metaspace       used 132983K, capacity 136969K, committed 137164K, reserved 1169408K
  class space    used 16316K, capacity 17770K, committed 17868K, reserved 1048576K
}
Event: 327.255 GC heap before
{Heap before GC invocations=53 (full 0):
 garbage-first heap   total 328704K, used 285559K [0x0000000080000000, 0x0000000100000000)
  region size 1024K, 98 young (100352K), 6 survivors (6144K)
 Metaspace       used 133103K, capacity 137048K, committed 137164K, reserved 1169408K
  class space    used 16319K, capacity 17772K, committed 17868K, reserved 1048576K
}
Event: 327.275 GC heap after
{Heap after GC invocations=54 (full 0):
 garbage-first heap   total 328704K, used 178213K [0x0000000080000000, 0x0000000100000000)
  region size 1024K, 9 young (9216K), 9 survivors (9216K)
 Metaspace       used 133103K, capacity 137048K, committed 137164K, reserved 1169408K
  class space    used 16319K, capacity 17772K, committed 17868K, reserved 1048576K
}
Event: 338.451 GC heap before
{Heap before GC invocations=54 (full 0):
 garbage-first heap   total 328704K, used 294949K [0x0000000080000000, 0x0000000100000000)
  region size 1024K, 101 young (103424K), 9 survivors (9216K)
 Metaspace       used 133259K, capacity 137187K, committed 137420K, reserved 1169408K
  class space    used 16320K, capacity 17773K, committed 17868K, reserved 1048576K
}
Event: 338.466 GC heap after
{Heap after GC invocations=55 (full 0):
 garbage-first heap   total 328704K, used 179689K [0x0000000080000000, 0x0000000100000000)
  region size 1024K, 9 young (9216K), 9 survivors (9216K)
 Metaspace       used 133259K, capacity 137187K, committed 137420K, reserved 1169408K
  class space    used 16320K, capacity 17773K, committed 17868K, reserved 1048576K
}
Event: 393.237 GC heap before
{Heap before GC invocations=55 (full 0):
 garbage-first heap   total 328704K, used 279017K [0x0000000080000000, 0x0000000100000000)
  region size 1024K, 99 young (101376K), 9 survivors (9216K)
 Metaspace       used 133400K, capacity 137330K, committed 137676K, reserved 1169408K
  class space    used 16321K, capacity 17775K, committed 17868K, reserved 1048576K
}
Event: 393.247 GC heap after
{Heap after GC invocations=56 (full 0):
 garbage-first heap   total 328704K, used 181025K [0x0000000080000000, 0x0000000100000000)
  region size 1024K, 7 young (7168K), 7 survivors (7168K)
 Metaspace       used 133400K, capacity 137330K, committed 137676K, reserved 1169408K
  class space    used 16321K, capacity 17775K, committed 17868K, reserved 1048576K
}
Event: 1416.813 GC heap before
{Heap before GC invocations=56 (full 0):
 garbage-first heap   total 328704K, used 292641K [0x0000000080000000, 0x0000000100000000)
  region size 1024K, 96 young (98304K), 7 survivors (7168K)
 Metaspace       used 134180K, capacity 138127K, committed 138316K, reserved 1169408K
  class space    used 16411K, capacity 17896K, committed 17996K, reserved 1048576K
}
Event: 1416.819 GC heap after
{Heap after GC invocations=57 (full 0):
 garbage-first heap   total 328704K, used 195026K [0x0000000080000000, 0x0000000100000000)
  region size 1024K, 5 young (5120K), 5 survivors (5120K)
 Metaspace       used 134180K, capacity 138127K, committed 138316K, reserved 1169408K
  class space    used 16411K, capacity 17896K, committed 17996K, reserved 1048576K
}

Deoptimization events (20 events):
Event: 1416.806 Thread 0x00000259e6669800 DEOPT PACKING pc=0x00000259d1a6c6d4 sp=0x00000080c43fa690
Event: 1416.806 Thread 0x00000259e6669800 DEOPT UNPACKING pc=0x00000259c99678af sp=0x00000080c43fa640 mode 2
Event: 1416.882 Thread 0x00000259e6669800 Uncommon trap: trap_request=0xffffff4d fr.pc=0x00000259d173a5a8 relative=0x0000000000000068
Event: 1416.882 Thread 0x00000259e6669800 Uncommon trap: reason=unstable_if action=reinterpret pc=0x00000259d173a5a8 method=java.lang.reflect.AccessibleObject.checkAccess(Ljava/lang/Class;Ljava/lang/Class;Ljava/lang/Class;I)V @ 9 c2
Event: 1416.882 Thread 0x00000259e6669800 DEOPT PACKING pc=0x00000259d173a5a8 sp=0x00000080c43f9750
Event: 1416.882 Thread 0x00000259e6669800 DEOPT UNPACKING pc=0x00000259c99678af sp=0x00000080c43f96d0 mode 2
Event: 1416.898 Thread 0x00000259e6669800 Uncommon trap: trap_request=0xffffff4d fr.pc=0x00000259d1eac368 relative=0x0000000000000128
Event: 1416.898 Thread 0x00000259e6669800 Uncommon trap: reason=unstable_if action=reinterpret pc=0x00000259d1eac368 method=java.util.Spliterators$IteratorSpliterator.forEachRemaining(Ljava/util/function/Consumer;)V @ 18 c2
Event: 1416.898 Thread 0x00000259e6669800 DEOPT PACKING pc=0x00000259d1eac368 sp=0x00000080c43f9e40
Event: 1416.898 Thread 0x00000259e6669800 DEOPT UNPACKING pc=0x00000259c99678af sp=0x00000080c43f9dd8 mode 2
Event: 1417.189 Thread 0x00000259e6669800 Uncommon trap: trap_request=0xffffff4d fr.pc=0x00000259d153bd6c relative=0x000000000000022c
Event: 1417.189 Thread 0x00000259e6669800 Uncommon trap: reason=unstable_if action=reinterpret pc=0x00000259d153bd6c method=java.util.HashMap.getNode(ILjava/lang/Object;)Ljava/util/HashMap$Node; @ 84 c2
Event: 1417.189 Thread 0x00000259e6669800 DEOPT PACKING pc=0x00000259d153bd6c sp=0x00000080c43f8620
Event: 1417.189 Thread 0x00000259e6669800 DEOPT UNPACKING pc=0x00000259c99678af sp=0x00000080c43f8520 mode 2
Event: 1417.220 Thread 0x00000259e6669800 Uncommon trap: trap_request=0xffffff4d fr.pc=0x00000259d1b1b7dc relative=0x000000000000017c
Event: 1417.220 Thread 0x00000259e6669800 Uncommon trap: reason=unstable_if action=reinterpret pc=0x00000259d1b1b7dc method=java.util.concurrent.ConcurrentHashMap.get(Ljava/lang/Object;)Ljava/lang/Object; @ 152 c2
Event: 1417.220 Thread 0x00000259e6669800 DEOPT PACKING pc=0x00000259d1b1b7dc sp=0x00000080c43f8a30
Event: 1417.220 Thread 0x00000259e6669800 DEOPT UNPACKING pc=0x00000259c99678af sp=0x00000080c43f89a8 mode 2
Event: 1417.232 Thread 0x00000259e6669800 DEOPT PACKING pc=0x00000259cbedf1c8 sp=0x00000080c43f8260
Event: 1417.232 Thread 0x00000259e6669800 DEOPT UNPACKING pc=0x00000259c99676ce sp=0x00000080c43f7748 mode 0

Classes redefined (0 events):
No events

Internal exceptions (20 events):
Event: 1416.536 Thread 0x00000259e6669800 Exception <a 'java/lang/NoSuchMethodError'{0x000000008eef65d8}: <clinit>> (0x000000008eef65d8) thrown at [./src/hotspot/share/prims/jni.cpp, line 1362]
Event: 1416.545 Thread 0x00000259e6669800 Exception <a 'java/lang/NoSuchMethodError'{0x000000008edaacd0}: <clinit>> (0x000000008edaacd0) thrown at [./src/hotspot/share/prims/jni.cpp, line 1362]
Event: 1416.545 Thread 0x00000259e6669800 Exception <a 'java/lang/NoSuchMethodError'{0x000000008edadc38}: <clinit>> (0x000000008edadc38) thrown at [./src/hotspot/share/prims/jni.cpp, line 1362]
Event: 1416.545 Thread 0x00000259e6669800 Exception <a 'java/lang/NoSuchMethodError'{0x000000008edaf240}: <clinit>> (0x000000008edaf240) thrown at [./src/hotspot/share/prims/jni.cpp, line 1362]
Event: 1416.545 Thread 0x00000259e6669800 Exception <a 'java/lang/NoSuchMethodError'{0x000000008edb07d8}: <clinit>> (0x000000008edb07d8) thrown at [./src/hotspot/share/prims/jni.cpp, line 1362]
Event: 1416.545 Thread 0x00000259e6669800 Exception <a 'java/lang/NoSuchMethodError'{0x000000008edb1f38}: <clinit>> (0x000000008edb1f38) thrown at [./src/hotspot/share/prims/jni.cpp, line 1362]
Event: 1416.545 Thread 0x00000259e6669800 Exception <a 'java/lang/NoSuchMethodError'{0x000000008edb35d0}: <clinit>> (0x000000008edb35d0) thrown at [./src/hotspot/share/prims/jni.cpp, line 1362]
Event: 1416.545 Thread 0x00000259e6669800 Exception <a 'java/lang/NoSuchMethodError'{0x000000008edb4b08}: <clinit>> (0x000000008edb4b08) thrown at [./src/hotspot/share/prims/jni.cpp, line 1362]
Event: 1416.566 Thread 0x00000259e6669800 Implicit null exception at 0x00000259d15df88c to 0x00000259d15e0a34
Event: 1416.667 Thread 0x00000259e6669800 Exception <a 'java/lang/ClassNotFoundException'{0x000000008ece3e30}: sync_studio_tooling_aco4nvoquh38cwrbyt7xvsnfdBeanInfo> (0x000000008ece3e30) thrown at [./src/hotspot/share/classfile/systemDictionary.cpp, line 231]
Event: 1416.672 Thread 0x00000259e6669800 Exception <a 'java/lang/ClassNotFoundException'{0x000000008ecf8e20}: org/gradle/initialization/InitScriptBeanInfo> (0x000000008ecf8e20) thrown at [./src/hotspot/share/classfile/systemDictionary.cpp, line 231]
Event: 1416.676 Thread 0x00000259e6669800 Exception <a 'java/lang/ClassNotFoundException'{0x000000008eb0e240}: org/gradle/initialization/InitScriptCustomizer> (0x000000008eb0e240) thrown at [./src/hotspot/share/classfile/systemDictionary.cpp, line 231]
Event: 1416.683 Thread 0x00000259e6669800 Exception <a 'java/lang/ClassNotFoundException'{0x000000008eb229a8}: sync_studio_tooling_aco4nvoquh38cwrbyt7xvsnfdCustomizer> (0x000000008eb229a8) thrown at [./src/hotspot/share/classfile/systemDictionary.cpp, line 231]
Event: 1416.741 Thread 0x00000259e6669800 Exception <a 'java/lang/ClassNotFoundException'{0x000000008eaa4268}: sync_studio_tooling_aco4nvoquh38cwrbyt7xvsnfdBeanInfo> (0x000000008eaa4268) thrown at [./src/hotspot/share/classfile/systemDictionary.cpp, line 231]
Event: 1416.742 Thread 0x00000259e6669800 Exception <a 'java/lang/ClassNotFoundException'{0x000000008eab05f8}: sync_studio_tooling_aco4nvoquh38cwrbyt7xvsnfdCustomizer> (0x000000008eab05f8) thrown at [./src/hotspot/share/classfile/systemDictionary.cpp, line 231]
Event: 1416.781 Thread 0x00000259e6669800 Exception <a 'java/lang/ClassNotFoundException'{0x000000008e9f1788}: org/gradle/invocation/DefaultGradle_DecoratedBeanInfo> (0x000000008e9f1788) thrown at [./src/hotspot/share/classfile/systemDictionary.cpp, line 231]
Event: 1416.782 Thread 0x00000259e6669800 Exception <a 'java/lang/ClassNotFoundException'{0x000000008e8150f8}: org/gradle/invocation/DefaultGradleBeanInfo> (0x000000008e8150f8) thrown at [./src/hotspot/share/classfile/systemDictionary.cpp, line 231]
Event: 1416.786 Thread 0x00000259e6669800 Exception <a 'java/lang/ClassNotFoundException'{0x000000008e838c00}: org/gradle/invocation/DefaultGradleCustomizer> (0x000000008e838c00) thrown at [./src/hotspot/share/classfile/systemDictionary.cpp, line 231]
Event: 1416.794 Thread 0x00000259e6669800 Exception <a 'java/lang/ClassNotFoundException'{0x000000008e88c7e8}: org/gradle/invocation/DefaultGradle_DecoratedCustomizer> (0x000000008e88c7e8) thrown at [./src/hotspot/share/classfile/systemDictionary.cpp, line 231]
Event: 1416.898 Thread 0x00000259e6669800 Implicit null exception at 0x00000259d1eac280 to 0x00000259d1eac358

Events (20 events):
Event: 1417.149 loading class groovyjarjarantlr4/v4/runtime/atn/SimulatorState
Event: 1417.149 loading class groovyjarjarantlr4/v4/runtime/atn/SimulatorState done
Event: 1417.151 loading class groovyjarjarantlr4/v4/runtime/atn/LexerActionExecutor
Event: 1417.151 loading class groovyjarjarantlr4/v4/runtime/atn/LexerActionExecutor done
Event: 1417.152 loading class groovyjarjarantlr4/v4/runtime/atn/LexerIndexedCustomAction
Event: 1417.152 loading class groovyjarjarantlr4/v4/runtime/atn/LexerIndexedCustomAction done
Event: 1417.152 loading class groovyjarjarantlr4/v4/runtime/misc/Utils
Event: 1417.152 loading class groovyjarjarantlr4/v4/runtime/misc/Utils done
Event: 1417.154 loading class groovyjarjarantlr4/v4/runtime/dfa/ArrayEdgeMap
Event: 1417.154 loading class groovyjarjarantlr4/v4/runtime/dfa/ArrayEdgeMap done
Event: 1417.154 loading class java/lang/invoke/VarHandleInts$Array
Event: 1417.155 loading class java/lang/invoke/VarHandleInts$Array done
Event: 1417.155 loading class groovyjarjarantlr4/v4/runtime/tree/TerminalNodeImpl
Event: 1417.155 loading class groovyjarjarantlr4/v4/runtime/tree/TerminalNodeImpl done
Event: 1417.169 loading class groovyjarjarantlr4/v4/runtime/atn/ConflictInfo
Event: 1417.169 loading class groovyjarjarantlr4/v4/runtime/atn/ConflictInfo done
Event: 1417.171 loading class org/apache/groovy/parser/antlr4/GroovyLexer$Paren
Event: 1417.171 loading class org/apache/groovy/parser/antlr4/GroovyLexer$Paren done
Event: 1417.208 Executing VM operation: ICBufferFull
Event: 1417.208 Executing VM operation: ICBufferFull done


Dynamic libraries:
0x00007ff7e1120000 - 0x00007ff7e112a000 	C:\Program Files\Android\Android Studio\jre\bin\java.exe
0x00007ffa888f0000 - 0x00007ffa88add000 	C:\Windows\SYSTEM32\ntdll.dll
0x00007ffa85fc0000 - 0x00007ffa86073000 	C:\Windows\System32\KERNEL32.DLL
0x00007ffa84c10000 - 0x00007ffa84ea5000 	C:\Windows\System32\KERNELBASE.dll
0x00007ffa84eb0000 - 0x00007ffa84faa000 	C:\Windows\System32\ucrtbase.dll
0x00007ffa6b800000 - 0x00007ffa6b819000 	C:\Program Files\Android\Android Studio\jre\bin\jli.dll
0x00007ffa5f420000 - 0x00007ffa5f437000 	C:\Program Files\Android\Android Studio\jre\bin\VCRUNTIME140.dll
0x00007ffa86080000 - 0x00007ffa86217000 	C:\Windows\System32\USER32.dll
0x00007ffa71fe0000 - 0x00007ffa72259000 	C:\Windows\WinSxS\amd64_microsoft.windows.common-controls_6595b64144ccf1df_6.0.17763.1339_none_de7015e4534c7114\COMCTL32.dll
0x00007ffa850a0000 - 0x00007ffa850c0000 	C:\Windows\System32\win32u.dll
0x00007ffa86300000 - 0x00007ffa8639e000 	C:\Windows\System32\msvcrt.dll
0x00007ffa88740000 - 0x00007ffa88769000 	C:\Windows\System32\GDI32.dll
0x00007ffa86910000 - 0x00007ffa86c3c000 	C:\Windows\System32\combase.dll
0x00007ffa849d0000 - 0x00007ffa84b6b000 	C:\Windows\System32\gdi32full.dll
0x00007ffa88330000 - 0x00007ffa88452000 	C:\Windows\System32\RPCRT4.dll
0x00007ffa84fb0000 - 0x00007ffa85050000 	C:\Windows\System32\msvcp_win.dll
0x00007ffa84b70000 - 0x00007ffa84bee000 	C:\Windows\System32\bcryptPrimitives.dll
0x00007ffa86e00000 - 0x00007ffa86e2e000 	C:\Windows\System32\IMM32.DLL
0x00007ffa42e20000 - 0x00007ffa42ebd000 	C:\Program Files\Android\Android Studio\jre\bin\msvcp140.dll
0x00007ffa5d160000 - 0x00007ffa5dc2f000 	C:\Program Files\Android\Android Studio\jre\bin\server\jvm.dll
0x00007ffa88690000 - 0x00007ffa88733000 	C:\Windows\System32\ADVAPI32.dll
0x00007ffa884c0000 - 0x00007ffa8855e000 	C:\Windows\System32\sechost.dll
0x00007ffa88770000 - 0x00007ffa88778000 	C:\Windows\System32\PSAPI.DLL
0x00007ffa72410000 - 0x00007ffa72419000 	C:\Windows\SYSTEM32\WSOCK32.dll
0x00007ffa82880000 - 0x00007ffa828a4000 	C:\Windows\SYSTEM32\WINMM.dll
0x00007ffa7fb40000 - 0x00007ffa7fb4a000 	C:\Windows\SYSTEM32\VERSION.dll
0x00007ffa82850000 - 0x00007ffa8287d000 	C:\Windows\SYSTEM32\WINMMBASE.dll
0x00007ffa85050000 - 0x00007ffa8509a000 	C:\Windows\System32\cfgmgr32.dll
0x00007ffa887e0000 - 0x00007ffa8884d000 	C:\Windows\System32\WS2_32.dll
0x00007ffa849b0000 - 0x00007ffa849c1000 	C:\Windows\System32\kernel.appcore.dll
0x00007ffa6ce60000 - 0x00007ffa6ce71000 	C:\Program Files\Android\Android Studio\jre\bin\verify.dll
0x00007ffa763c0000 - 0x00007ffa765ad000 	C:\Windows\SYSTEM32\DBGHELP.DLL
0x00007ffa70440000 - 0x00007ffa7046a000 	C:\Windows\SYSTEM32\dbgcore.DLL
0x00007ffa6c930000 - 0x00007ffa6c959000 	C:\Program Files\Android\Android Studio\jre\bin\java.dll
0x00007ffa79870000 - 0x00007ffa7987b000 	C:\Program Files\Android\Android Studio\jre\bin\jimage.dll
0x00007ffa6c410000 - 0x00007ffa6c428000 	C:\Program Files\Android\Android Studio\jre\bin\zip.dll
0x00007ffa86e30000 - 0x00007ffa88328000 	C:\Windows\System32\SHELL32.dll
0x00007ffa86c40000 - 0x00007ffa86ce9000 	C:\Windows\System32\shcore.dll
0x00007ffa853e0000 - 0x00007ffa85b34000 	C:\Windows\System32\windows.storage.dll
0x00007ffa84920000 - 0x00007ffa84944000 	C:\Windows\System32\profapi.dll
0x00007ffa84950000 - 0x00007ffa849ad000 	C:\Windows\System32\powrprof.dll
0x00007ffa862a0000 - 0x00007ffa862f2000 	C:\Windows\System32\shlwapi.dll
0x00007ffa84bf0000 - 0x00007ffa84c07000 	C:\Windows\System32\cryptsp.dll
0x00007ffa6c3f0000 - 0x00007ffa6c40a000 	C:\Program Files\Android\Android Studio\jre\bin\net.dll
0x00007ffa7b9f0000 - 0x00007ffa7bae2000 	C:\Windows\SYSTEM32\WINHTTP.dll
0x00007ffa84160000 - 0x00007ffa841c7000 	C:\Windows\system32\mswsock.dll
0x00007ffa6c3d0000 - 0x00007ffa6c3e4000 	C:\Program Files\Android\Android Studio\jre\bin\nio.dll
0x00007ffa4ca20000 - 0x00007ffa4ca47000 	C:\Users\world-PC\.gradle\native\8bec1ad78214c89d9ad589b4d07fe93259594b29d510b10fafb7a158f7737e5d\windows-amd64\native-platform.dll
0x00007ffa42ec0000 - 0x00007ffa42ffd000 	C:\Users\world-PC\.gradle\native\53dbd7edfb1c66fb8903c78663c9afc45aea4f116125fa6feffd364cf09443e8\windows-amd64\native-platform-file-events.dll
0x00007ffa79500000 - 0x00007ffa7950a000 	C:\Program Files\Android\Android Studio\jre\bin\management.dll
0x00007ffa701c0000 - 0x00007ffa701cc000 	C:\Program Files\Android\Android Studio\jre\bin\management_ext.dll
0x00007ffa83c80000 - 0x00007ffa83cb3000 	C:\Windows\system32\rsaenh.dll
0x00007ffa852a0000 - 0x00007ffa852c6000 	C:\Windows\System32\bcrypt.dll
0x00007ffa84830000 - 0x00007ffa84858000 	C:\Windows\SYSTEM32\USERENV.dll
0x00007ffa84330000 - 0x00007ffa8433c000 	C:\Windows\SYSTEM32\CRYPTBASE.dll
0x00007ffa83e80000 - 0x00007ffa83ebd000 	C:\Windows\SYSTEM32\IPHLPAPI.DLL
0x00007ffa86900000 - 0x00007ffa86908000 	C:\Windows\System32\NSI.dll
0x00007ffa7eac0000 - 0x00007ffa7ead6000 	C:\Windows\SYSTEM32\dhcpcsvc6.DLL
0x00007ffa7eba0000 - 0x00007ffa7ebbc000 	C:\Windows\SYSTEM32\dhcpcsvc.DLL
0x00007ffa83ec0000 - 0x00007ffa83f87000 	C:\Windows\SYSTEM32\DNSAPI.dll
0x00007ffa68ad0000 - 0x00007ffa68af7000 	C:\Program Files\Android\Android Studio\jre\bin\sunec.dll

dbghelp: loaded successfully - version: 4.0.5 - missing functions: none
symbol engine: initialized successfully - sym options: 0x614 - pdb path: .;C:\Program Files\Android\Android Studio\jre\bin;C:\Windows\SYSTEM32;C:\Windows\WinSxS\amd64_microsoft.windows.common-controls_6595b64144ccf1df_6.0.17763.1339_none_de7015e4534c7114;C:\Program Files\Android\Android Studio\jre\bin\server;C:\Users\world-PC\.gradle\native\8bec1ad78214c89d9ad589b4d07fe93259594b29d510b10fafb7a158f7737e5d\windows-amd64;C:\Users\world-PC\.gradle\native\53dbd7edfb1c66fb8903c78663c9afc45aea4f116125fa6feffd364cf09443e8\windows-amd64

VM Arguments:
jvm_args: --add-opens=java.base/java.util=ALL-UNNAMED --add-opens=java.base/java.lang=ALL-UNNAMED --add-opens=java.base/java.lang.invoke=ALL-UNNAMED --add-opens=java.base/java.util=ALL-UNNAMED --add-opens=java.prefs/java.util.prefs=ALL-UNNAMED --add-opens=java.prefs/java.util.prefs=ALL-UNNAMED --add-opens=java.base/java.nio.charset=ALL-UNNAMED --add-opens=java.base/java.net=ALL-UNNAMED --add-opens=java.base/java.util.concurrent.atomic=ALL-UNNAMED -Xmx2048m -Dfile.encoding=UTF-8 -Duser.country=RU -Duser.language=ru -Duser.variant 
java_command: org.gradle.launcher.daemon.bootstrap.GradleDaemon 7.0.2
java_class_path (initial): C:\Users\world-PC\.gradle\wrapper\dists\gradle-7.0.2-bin\857tjihv64xamwrf0h14cai3r\gradle-7.0.2\lib\gradle-launcher-7.0.2.jar
Launcher Type: SUN_STANDARD

[Global flags]
     intx CICompilerCount                          = 3                                         {product} {ergonomic}
     uint ConcGCThreads                            = 1                                         {product} {ergonomic}
     uint G1ConcRefinementThreads                  = 4                                         {product} {ergonomic}
   size_t G1HeapRegionSize                         = 1048576                                   {product} {ergonomic}
    uintx GCDrainStackTargetSize                   = 64                                        {product} {ergonomic}
   size_t InitialHeapSize                          = 134217728                                 {product} {ergonomic}
   size_t MarkStackSize                            = 4194304                                   {product} {ergonomic}
   size_t MaxHeapSize                              = 2147483648                                {product} {command line}
   size_t MaxNewSize                               = 1287651328                                {product} {ergonomic}
   size_t MinHeapDeltaBytes                        = 1048576                                   {product} {ergonomic}
    uintx NonNMethodCodeHeapSize                   = 5830732                                {pd product} {ergonomic}
    uintx NonProfiledCodeHeapSize                  = 122913754                              {pd product} {ergonomic}
    uintx ProfiledCodeHeapSize                     = 122913754                              {pd product} {ergonomic}
    uintx ReservedCodeCacheSize                    = 251658240                              {pd product} {ergonomic}
     bool SegmentedCodeCache                       = true                                      {product} {ergonomic}
     bool UseCompressedClassPointers               = true                                 {lp64_product} {ergonomic}
     bool UseCompressedOops                        = true                                 {lp64_product} {ergonomic}
     bool UseG1GC                                  = true                                      {product} {ergonomic}
     bool UseLargePagesIndividualAllocation        = false                                  {pd product} {ergonomic}

Logging:
Log output configuration:
 #0: stdout all=warning uptime,level,tags
 #1: stderr all=off uptime,level,tags

Environment Variables:
PATH=C:\Program Files (x86)\Common Files\Oracle\Java\javapath;C:\ProgramData\Oracle\Java\javapath;C:\Program Files (x86)\Intel\iCLS Client\;C:\Program Files\Intel\iCLS Client\;C:\Windows\system32;C:\Windows;C:\Windows\System32\Wbem;C:\Windows\System32\WindowsPowerShell\v1.0\;C:\Program Files (x86)\Intel\Intel(R) Management Engine Components\DAL;C:\Program Files\Intel\Intel(R) Management Engine Components\DAL;C:\Program Files (x86)\Intel\Intel(R) Management Engine Components\IPT;C:\Program Files\Intel\Intel(R) Management Engine Components\IPT;C:\Program Files\nodejs\;C:\Program Files\7-Zip;C:\Program Files (x86)\NVIDIA Corporation\PhysX\Common;C:\Program Files\Git\cmd;C:\Users\world-PC\AppData\Local\Microsoft\WindowsApps;;C:\Users\world-PC\AppData\Local\Programs\Microsoft VS Code\bin;C:\Users\world-PC\AppData\Roaming\npm
USERNAME=world-PC
OS=Windows_NT
PROCESSOR_IDENTIFIER=Intel64 Family 6 Model 60 Stepping 3, GenuineIntel



---------------  S Y S T E M  ---------------

OS: Windows 10 , 64 bit Build 17763 (10.0.17763.1339)
OS uptime: 0 days 4:28 hours

CPU:total 4 (initial active 4) (2 cores per cpu, 2 threads per core) family 6 model 60 stepping 3 microcode 0x24, cmov, cx8, fxsr, mmx, sse, sse2, sse3, ssse3, sse4.1, sse4.2, popcnt, avx, avx2, aes, clmul, erms, lzcnt, ht, tsc, tscinvbit, bmi1, bmi2, fma

Memory: 4k page, system-wide physical 8129M (212M free)
TotalPageFile size 10177M (AvailPageFile size 5M)
current process WorkingSet (physical memory assigned to process): 630M, peak: 640M
current process commit charge ("private bytes"): 702M, peak: 704M

vm_info: OpenJDK 64-Bit Server VM (11.0.10+0-b96-7249189) for windows-amd64 JRE (11.0.10+0-b96-7249189), built on Mar 31 2021 21:44:00 by "builder" with MS VC++ 14.0 (VS2015)

END.
